<?xml version="1.0" encoding="UTF-8"?>
<!DOCTYPE coverage SYSTEM "http://cobertura.sourceforge.net/xml/coverage-04.dtd">
<coverage line-rate="0.72850487081745" branch-rate="0" lines-covered="1720" lines-valid="2361" branches-covered="0" branches-valid="0" complexity="801" version="0.4" timestamp="1787420568">
  <sources>
    <source>/app/src</source>
  </sources>
  <packages>
    <package name="Building/BuildTests.php" line-rate="0" branch-rate="0" complexity="25">
      <classes>
        <class name="Playground\Make\Controller\Building\BuildTests" filename="Building/BuildTests.php" line-rate="0" branch-rate="0" complexity="25">
          <methods>
            <method name="createTest" signature="" line-rate="0" branch-rate="0" complexity="5">
              <lines>
                <line number="20" hits="0"/>
                <line number="22" hits="0"/>
                <line number="23" hits="0"/>
                <line number="24" hits="0"/>
                <line number="27" hits="0"/>
                <line number="28" hits="0"/>
                <line number="29" hits="0"/>
                <line number="32" hits="0"/>
                <line number="33" hits="0"/>
                <line number="34" hits="0"/>
                <line number="36" hits="0"/>
                <line number="39" hits="0"/>
                <line number="40" hits="0"/>
                <line number="41" hits="0"/>
                <line number="42" hits="0"/>
              </lines>
            </method>
            <method name="command_tests_playground_api" signature="" line-rate="0" branch-rate="0" complexity="1">
              <lines>
                <line number="53" hits="0"/>
              </lines>
            </method>
            <method name="command_tests_playground_resource_index" signature="" line-rate="0" branch-rate="0" complexity="11">
              <lines>
                <line number="117" hits="0"/>
                <line number="118" hits="0"/>
                <line number="119" hits="0"/>
                <line number="121" hits="0"/>
                <line number="122" hits="0"/>
                <line number="124" hits="0"/>
                <line number="125" hits="0"/>
                <line number="126" hits="0"/>
                <line number="127" hits="0"/>
                <line number="128" hits="0"/>
                <line number="129" hits="0"/>
                <line number="130" hits="0"/>
                <line number="131" hits="0"/>
                <line number="133" hits="0"/>
                <line number="135" hits="0"/>
                <line number="136" hits="0"/>
                <line number="138" hits="0"/>
                <line number="139" hits="0"/>
                <line number="143" hits="0"/>
                <line number="144" hits="0"/>
                <line number="147" hits="0"/>
                <line number="148" hits="0"/>
                <line number="151" hits="0"/>
                <line number="152" hits="0"/>
                <line number="155" hits="0"/>
                <line number="162" hits="0"/>
              </lines>
            </method>
            <method name="command_tests_playground_resource" signature="" line-rate="0" branch-rate="0" complexity="8">
              <lines>
                <line number="167" hits="0"/>
                <line number="168" hits="0"/>
                <line number="170" hits="0"/>
                <line number="171" hits="0"/>
                <line number="173" hits="0"/>
                <line number="174" hits="0"/>
                <line number="175" hits="0"/>
                <line number="176" hits="0"/>
                <line number="177" hits="0"/>
                <line number="178" hits="0"/>
                <line number="179" hits="0"/>
                <line number="180" hits="0"/>
                <line number="182" hits="0"/>
                <line number="184" hits="0"/>
                <line number="185" hits="0"/>
                <line number="187" hits="0"/>
                <line number="188" hits="0"/>
                <line number="192" hits="0"/>
                <line number="193" hits="0"/>
                <line number="196" hits="0"/>
                <line number="197" hits="0"/>
                <line number="200" hits="0"/>
                <line number="207" hits="0"/>
                <line number="209" hits="0"/>
                <line number="214" hits="0"/>
              </lines>
            </method>
          </methods>
          <lines>
            <line number="20" hits="0"/>
            <line number="22" hits="0"/>
            <line number="23" hits="0"/>
            <line number="24" hits="0"/>
            <line number="27" hits="0"/>
            <line number="28" hits="0"/>
            <line number="29" hits="0"/>
            <line number="32" hits="0"/>
            <line number="33" hits="0"/>
            <line number="34" hits="0"/>
            <line number="36" hits="0"/>
            <line number="39" hits="0"/>
            <line number="40" hits="0"/>
            <line number="41" hits="0"/>
            <line number="42" hits="0"/>
            <line number="53" hits="0"/>
            <line number="117" hits="0"/>
            <line number="118" hits="0"/>
            <line number="119" hits="0"/>
            <line number="121" hits="0"/>
            <line number="122" hits="0"/>
            <line number="124" hits="0"/>
            <line number="125" hits="0"/>
            <line number="126" hits="0"/>
            <line number="127" hits="0"/>
            <line number="128" hits="0"/>
            <line number="129" hits="0"/>
            <line number="130" hits="0"/>
            <line number="131" hits="0"/>
            <line number="133" hits="0"/>
            <line number="135" hits="0"/>
            <line number="136" hits="0"/>
            <line number="138" hits="0"/>
            <line number="139" hits="0"/>
            <line number="143" hits="0"/>
            <line number="144" hits="0"/>
            <line number="147" hits="0"/>
            <line number="148" hits="0"/>
            <line number="151" hits="0"/>
            <line number="152" hits="0"/>
            <line number="155" hits="0"/>
            <line number="162" hits="0"/>
            <line number="167" hits="0"/>
            <line number="168" hits="0"/>
            <line number="170" hits="0"/>
            <line number="171" hits="0"/>
            <line number="173" hits="0"/>
            <line number="174" hits="0"/>
            <line number="175" hits="0"/>
            <line number="176" hits="0"/>
            <line number="177" hits="0"/>
            <line number="178" hits="0"/>
            <line number="179" hits="0"/>
            <line number="180" hits="0"/>
            <line number="182" hits="0"/>
            <line number="184" hits="0"/>
            <line number="185" hits="0"/>
            <line number="187" hits="0"/>
            <line number="188" hits="0"/>
            <line number="192" hits="0"/>
            <line number="193" hits="0"/>
            <line number="196" hits="0"/>
            <line number="197" hits="0"/>
            <line number="200" hits="0"/>
            <line number="207" hits="0"/>
            <line number="209" hits="0"/>
            <line number="214" hits="0"/>
          </lines>
        </class>
      </classes>
    </package>
    <package name="Building/MakeCommands.php" line-rate="0" branch-rate="0" complexity="30">
      <classes>
        <class name="Playground\Make\Controller\Building\MakeCommands" filename="Building/MakeCommands.php" line-rate="0" branch-rate="0" complexity="30">
          <methods>
            <method name="handle_policies" signature="array $policies" line-rate="0" branch-rate="0" complexity="7">
              <lines>
                <line number="21" hits="0"/>
                <line number="22" hits="0"/>
                <line number="23" hits="0"/>
                <line number="25" hits="0"/>
                <line number="26" hits="0"/>
                <line number="29" hits="0"/>
                <line number="31" hits="0"/>
                <line number="32" hits="0"/>
                <line number="34" hits="0"/>
                <line number="35" hits="0"/>
                <line number="39" hits="0"/>
                <line number="40" hits="0"/>
                <line number="41" hits="0"/>
              </lines>
            </method>
            <method name="handle_requests" signature="array $requests" line-rate="0" branch-rate="0" complexity="9">
              <lines>
                <line number="55" hits="0"/>
                <line number="56" hits="0"/>
                <line number="57" hits="0"/>
                <line number="59" hits="0"/>
                <line number="60" hits="0"/>
                <line number="63" hits="0"/>
                <line number="65" hits="0"/>
                <line number="66" hits="0"/>
                <line number="68" hits="0"/>
                <line number="69" hits="0"/>
                <line number="73" hits="0"/>
                <line number="74" hits="0"/>
                <line number="75" hits="0"/>
                <line number="76" hits="0"/>
              </lines>
            </method>
            <method name="handle_resources" signature="array $resources" line-rate="0" branch-rate="0" complexity="7">
              <lines>
                <line number="86" hits="0"/>
                <line number="87" hits="0"/>
                <line number="88" hits="0"/>
                <line number="90" hits="0"/>
                <line number="91" hits="0"/>
                <line number="94" hits="0"/>
                <line number="96" hits="0"/>
                <line number="97" hits="0"/>
                <line number="99" hits="0"/>
                <line number="100" hits="0"/>
                <line number="104" hits="0"/>
                <line number="105" hits="0"/>
                <line number="106" hits="0"/>
              </lines>
            </method>
            <method name="handle_transformers" signature="array $transformers" line-rate="0" branch-rate="0" complexity="7">
              <lines>
                <line number="115" hits="0"/>
                <line number="116" hits="0"/>
                <line number="117" hits="0"/>
                <line number="119" hits="0"/>
                <line number="120" hits="0"/>
                <line number="123" hits="0"/>
                <line number="125" hits="0"/>
                <line number="126" hits="0"/>
                <line number="128" hits="0"/>
                <line number="129" hits="0"/>
                <line number="133" hits="0"/>
                <line number="134" hits="0"/>
                <line number="135" hits="0"/>
              </lines>
            </method>
          </methods>
          <lines>
            <line number="21" hits="0"/>
            <line number="22" hits="0"/>
            <line number="23" hits="0"/>
            <line number="25" hits="0"/>
            <line number="26" hits="0"/>
            <line number="29" hits="0"/>
            <line number="31" hits="0"/>
            <line number="32" hits="0"/>
            <line number="34" hits="0"/>
            <line number="35" hits="0"/>
            <line number="39" hits="0"/>
            <line number="40" hits="0"/>
            <line number="41" hits="0"/>
            <line number="55" hits="0"/>
            <line number="56" hits="0"/>
            <line number="57" hits="0"/>
            <line number="59" hits="0"/>
            <line number="60" hits="0"/>
            <line number="63" hits="0"/>
            <line number="65" hits="0"/>
            <line number="66" hits="0"/>
            <line number="68" hits="0"/>
            <line number="69" hits="0"/>
            <line number="73" hits="0"/>
            <line number="74" hits="0"/>
            <line number="75" hits="0"/>
            <line number="76" hits="0"/>
            <line number="86" hits="0"/>
            <line number="87" hits="0"/>
            <line number="88" hits="0"/>
            <line number="90" hits="0"/>
            <line number="91" hits="0"/>
            <line number="94" hits="0"/>
            <line number="96" hits="0"/>
            <line number="97" hits="0"/>
            <line number="99" hits="0"/>
            <line number="100" hits="0"/>
            <line number="104" hits="0"/>
            <line number="105" hits="0"/>
            <line number="106" hits="0"/>
            <line number="115" hits="0"/>
            <line number="116" hits="0"/>
            <line number="117" hits="0"/>
            <line number="119" hits="0"/>
            <line number="120" hits="0"/>
            <line number="123" hits="0"/>
            <line number="125" hits="0"/>
            <line number="126" hits="0"/>
            <line number="128" hits="0"/>
            <line number="129" hits="0"/>
            <line number="133" hits="0"/>
            <line number="134" hits="0"/>
            <line number="135" hits="0"/>
          </lines>
        </class>
      </classes>
    </package>
    <package name="Building/Policy/BuildRevisions.php" line-rate="0" branch-rate="0" complexity="2">
      <classes>
        <class name="Playground\Make\Controller\Building\Policy\BuildRevisions" filename="Building/Policy/BuildRevisions.php" line-rate="0" branch-rate="0" complexity="2">
          <methods>
            <method name="make_revision_handling" signature="" line-rate="0" branch-rate="0" complexity="2">
              <lines>
                <line number="20" hits="0"/>
                <line number="21" hits="0"/>
                <line number="22" hits="0"/>
                <line number="24" hits="0"/>
                <line number="26" hits="0"/>
                <line number="27" hits="0"/>
                <line number="28" hits="0"/>
                <line number="33" hits="0"/>
                <line number="34" hits="0"/>
                <line number="35" hits="0"/>
                <line number="37" hits="0"/>
                <line number="39" hits="0"/>
                <line number="40" hits="0"/>
                <line number="51" hits="0"/>
                <line number="57" hits="0"/>
                <line number="59" hits="0"/>
                <line number="63" hits="0"/>
              </lines>
            </method>
          </methods>
          <lines>
            <line number="20" hits="0"/>
            <line number="21" hits="0"/>
            <line number="22" hits="0"/>
            <line number="24" hits="0"/>
            <line number="26" hits="0"/>
            <line number="27" hits="0"/>
            <line number="28" hits="0"/>
            <line number="33" hits="0"/>
            <line number="34" hits="0"/>
            <line number="35" hits="0"/>
            <line number="37" hits="0"/>
            <line number="39" hits="0"/>
            <line number="40" hits="0"/>
            <line number="51" hits="0"/>
            <line number="57" hits="0"/>
            <line number="59" hits="0"/>
            <line number="63" hits="0"/>
          </lines>
        </class>
      </classes>
    </package>
    <package name="Building/Policy/BuildRoles.php" line-rate="1" branch-rate="0" complexity="8">
      <classes>
        <class name="Playground\Make\Controller\Building\Policy\BuildRoles" filename="Building/Policy/BuildRoles.php" line-rate="1" branch-rate="0" complexity="8">
          <methods>
            <method name="make_roles_to_view" signature="array $searches" line-rate="1" branch-rate="0" complexity="4">
              <lines>
                <line number="21" hits="10"/>
                <line number="23" hits="10"/>
                <line number="25" hits="10"/>
                <line number="26" hits="10"/>
                <line number="27" hits="4"/>
                <line number="28" hits="4"/>
                <line number="29" hits="4"/>
                <line number="30" hits="4"/>
                <line number="31" hits="4"/>
                <line number="32" hits="4"/>
                <line number="33" hits="4"/>
                <line number="38" hits="10"/>
                <line number="39" hits="4"/>
                <line number="40" hits="4"/>
                <line number="41" hits="4"/>
                <line number="42" hits="4"/>
                <line number="43" hits="4"/>
                <line number="44" hits="4"/>
                <line number="46" hits="6"/>
                <line number="49" hits="10"/>
              </lines>
            </method>
            <method name="make_roles_for_action" signature="array $searches" line-rate="1" branch-rate="0" complexity="4">
              <lines>
                <line number="57" hits="10"/>
                <line number="59" hits="10"/>
                <line number="61" hits="10"/>
                <line number="62" hits="10"/>
                <line number="63" hits="4"/>
                <line number="64" hits="4"/>
                <line number="65" hits="4"/>
                <line number="66" hits="4"/>
                <line number="67" hits="4"/>
                <line number="68" hits="4"/>
                <line number="69" hits="4"/>
                <line number="74" hits="10"/>
                <line number="75" hits="4"/>
                <line number="76" hits="4"/>
                <line number="77" hits="4"/>
                <line number="78" hits="4"/>
                <line number="79" hits="4"/>
                <line number="80" hits="4"/>
                <line number="82" hits="6"/>
                <line number="85" hits="10"/>
              </lines>
            </method>
          </methods>
          <lines>
            <line number="21" hits="10"/>
            <line number="23" hits="10"/>
            <line number="25" hits="10"/>
            <line number="26" hits="10"/>
            <line number="27" hits="4"/>
            <line number="28" hits="4"/>
            <line number="29" hits="4"/>
            <line number="30" hits="4"/>
            <line number="31" hits="4"/>
            <line number="32" hits="4"/>
            <line number="33" hits="4"/>
            <line number="38" hits="10"/>
            <line number="39" hits="4"/>
            <line number="40" hits="4"/>
            <line number="41" hits="4"/>
            <line number="42" hits="4"/>
            <line number="43" hits="4"/>
            <line number="44" hits="4"/>
            <line number="46" hits="6"/>
            <line number="49" hits="10"/>
            <line number="57" hits="10"/>
            <line number="59" hits="10"/>
            <line number="61" hits="10"/>
            <line number="62" hits="10"/>
            <line number="63" hits="4"/>
            <line number="64" hits="4"/>
            <line number="65" hits="4"/>
            <line number="66" hits="4"/>
            <line number="67" hits="4"/>
            <line number="68" hits="4"/>
            <line number="69" hits="4"/>
            <line number="74" hits="10"/>
            <line number="75" hits="4"/>
            <line number="76" hits="4"/>
            <line number="77" hits="4"/>
            <line number="78" hits="4"/>
            <line number="79" hits="4"/>
            <line number="80" hits="4"/>
            <line number="82" hits="6"/>
            <line number="85" hits="10"/>
          </lines>
        </class>
      </classes>
    </package>
    <package name="Building/Request/BuildIndex.php" line-rate="0.82075471698113" branch-rate="0" complexity="48">
      <classes>
        <class name="Playground\Make\Controller\Building\Request\BuildIndex" filename="Building/Request/BuildIndex.php" line-rate="0.82075471698113" branch-rate="0" complexity="48">
          <methods>
            <method name="buildClass_index" signature="string $name" line-rate="1" branch-rate="0" complexity="5">
              <lines>
                <line number="127" hits="8"/>
                <line number="128" hits="8"/>
                <line number="129" hits="8"/>
                <line number="130" hits="8"/>
                <line number="132" hits="8"/>
                <line number="136" hits="8"/>
                <line number="137" hits="8"/>
                <line number="138" hits="8"/>
                <line number="139" hits="5"/>
                <line number="161" hits="4"/>
                <line number="163" hits="4"/>
                <line number="164" hits="1"/>
                <line number="165" hits="1"/>
                <line number="166" hits="1"/>
                <line number="167" hits="1"/>
                <line number="170" hits="4"/>
                <line number="176" hits="8"/>
                <line number="177" hits="8"/>
                <line number="178" hits="8"/>
                <line number="179" hits="3"/>
                <line number="180" hits="3"/>
                <line number="181" hits="3"/>
                <line number="182" hits="3"/>
              </lines>
            </method>
            <method name="buildClass_index_dates" signature="Playground\Make\Configuration\Model\Filters $filters" line-rate="0.75757575757576" branch-rate="0" complexity="7">
              <lines>
                <line number="256" hits="1"/>
                <line number="257" hits="1"/>
                <line number="258" hits="0"/>
                <line number="261" hits="1"/>
                <line number="263" hits="1"/>
                <line number="264" hits="0"/>
                <line number="271" hits="1"/>
                <line number="273" hits="1"/>
                <line number="274" hits="1"/>
                <line number="275" hits="0"/>
                <line number="276" hits="0"/>
                <line number="277" hits="0"/>
                <line number="278" hits="0"/>
                <line number="279" hits="0"/>
                <line number="281" hits="0"/>
                <line number="284" hits="1"/>
                <line number="286" hits="1"/>
                <line number="287" hits="1"/>
                <line number="288" hits="1"/>
                <line number="300" hits="1"/>
                <line number="302" hits="1"/>
                <line number="303" hits="1"/>
                <line number="304" hits="1"/>
                <line number="305" hits="1"/>
                <line number="306" hits="1"/>
                <line number="307" hits="1"/>
                <line number="309" hits="1"/>
                <line number="312" hits="1"/>
                <line number="314" hits="1"/>
                <line number="315" hits="1"/>
                <line number="318" hits="1"/>
                <line number="319" hits="1"/>
                <line number="329" hits="1"/>
              </lines>
            </method>
            <method name="buildClass_index_flags" signature="Playground\Make\Configuration\Model\Filters $filters" line-rate="0.76315789473684" branch-rate="0" complexity="10">
              <lines>
                <line number="341" hits="1"/>
                <line number="342" hits="1"/>
                <line number="343" hits="0"/>
                <line number="346" hits="1"/>
                <line number="348" hits="1"/>
                <line number="350" hits="1"/>
                <line number="351" hits="1"/>
                <line number="352" hits="0"/>
                <line number="353" hits="0"/>
                <line number="354" hits="0"/>
                <line number="355" hits="0"/>
                <line number="356" hits="0"/>
                <line number="358" hits="0"/>
                <line number="361" hits="1"/>
                <line number="363" hits="1"/>
                <line number="364" hits="1"/>
                <line number="365" hits="0"/>
                <line number="368" hits="1"/>
                <line number="369" hits="1"/>
                <line number="370" hits="1"/>
                <line number="371" hits="1"/>
                <line number="372" hits="1"/>
                <line number="374" hits="0"/>
                <line number="377" hits="1"/>
                <line number="378" hits="1"/>
                <line number="379" hits="1"/>
                <line number="380" hits="1"/>
                <line number="381" hits="1"/>
                <line number="382" hits="1"/>
                <line number="384" hits="1"/>
                <line number="387" hits="1"/>
                <line number="389" hits="1"/>
                <line number="390" hits="1"/>
                <line number="397" hits="1"/>
                <line number="398" hits="1"/>
                <line number="401" hits="1"/>
                <line number="402" hits="1"/>
                <line number="404" hits="1"/>
              </lines>
            </method>
            <method name="buildClass_index_ids" signature="Playground\Make\Configuration\Model\Filters $filters" line-rate="0.78787878787879" branch-rate="0" complexity="8">
              <lines>
                <line number="416" hits="1"/>
                <line number="417" hits="1"/>
                <line number="418" hits="0"/>
                <line number="421" hits="1"/>
                <line number="423" hits="1"/>
                <line number="424" hits="1"/>
                <line number="427" hits="1"/>
                <line number="429" hits="1"/>
                <line number="430" hits="1"/>
                <line number="431" hits="0"/>
                <line number="432" hits="0"/>
                <line number="433" hits="0"/>
                <line number="434" hits="0"/>
                <line number="435" hits="0"/>
                <line number="437" hits="0"/>
                <line number="440" hits="1"/>
                <line number="442" hits="1"/>
                <line number="443" hits="1"/>
                <line number="444" hits="1"/>
                <line number="447" hits="1"/>
                <line number="448" hits="1"/>
                <line number="449" hits="1"/>
                <line number="450" hits="1"/>
                <line number="451" hits="1"/>
                <line number="452" hits="1"/>
                <line number="453" hits="1"/>
                <line number="455" hits="1"/>
                <line number="458" hits="1"/>
                <line number="460" hits="1"/>
                <line number="461" hits="1"/>
                <line number="464" hits="1"/>
                <line number="465" hits="1"/>
                <line number="471" hits="1"/>
              </lines>
            </method>
            <method name="buildClass_index_columns" signature="Playground\Make\Configuration\Model\Filters $filters" line-rate="0.78787878787879" branch-rate="0" complexity="8">
              <lines>
                <line number="483" hits="1"/>
                <line number="484" hits="1"/>
                <line number="485" hits="0"/>
                <line number="488" hits="1"/>
                <line number="490" hits="1"/>
                <line number="491" hits="1"/>
                <line number="494" hits="1"/>
                <line number="496" hits="1"/>
                <line number="497" hits="1"/>
                <line number="498" hits="0"/>
                <line number="499" hits="0"/>
                <line number="500" hits="0"/>
                <line number="501" hits="0"/>
                <line number="502" hits="0"/>
                <line number="504" hits="0"/>
                <line number="507" hits="1"/>
                <line number="509" hits="1"/>
                <line number="510" hits="1"/>
                <line number="511" hits="1"/>
                <line number="514" hits="1"/>
                <line number="515" hits="1"/>
                <line number="516" hits="1"/>
                <line number="517" hits="1"/>
                <line number="518" hits="1"/>
                <line number="519" hits="1"/>
                <line number="520" hits="1"/>
                <line number="522" hits="1"/>
                <line number="525" hits="1"/>
                <line number="527" hits="1"/>
                <line number="528" hits="1"/>
                <line number="531" hits="1"/>
                <line number="532" hits="1"/>
                <line number="538" hits="1"/>
              </lines>
            </method>
            <method name="buildClass_index_sortable" signature="" line-rate="0.86538461538462" branch-rate="0" complexity="10">
              <lines>
                <line number="550" hits="4"/>
                <line number="557" hits="4"/>
                <line number="558" hits="3"/>
                <line number="561" hits="1"/>
                <line number="563" hits="1"/>
                <line number="564" hits="1"/>
                <line number="567" hits="1"/>
                <line number="569" hits="1"/>
                <line number="570" hits="1"/>
                <line number="571" hits="0"/>
                <line number="572" hits="0"/>
                <line number="573" hits="0"/>
                <line number="574" hits="0"/>
                <line number="575" hits="0"/>
                <line number="577" hits="0"/>
                <line number="580" hits="1"/>
                <line number="582" hits="1"/>
                <line number="583" hits="1"/>
                <line number="584" hits="1"/>
                <line number="587" hits="1"/>
                <line number="589" hits="1"/>
                <line number="590" hits="1"/>
                <line number="591" hits="1"/>
                <line number="592" hits="1"/>
                <line number="593" hits="1"/>
                <line number="594" hits="1"/>
                <line number="595" hits="1"/>
                <line number="596" hits="1"/>
                <line number="597" hits="1"/>
                <line number="598" hits="1"/>
                <line number="599" hits="1"/>
                <line number="600" hits="1"/>
                <line number="601" hits="0"/>
                <line number="602" hits="1"/>
                <line number="603" hits="1"/>
                <line number="604" hits="1"/>
                <line number="605" hits="1"/>
                <line number="606" hits="1"/>
                <line number="607" hits="1"/>
                <line number="608" hits="1"/>
                <line number="611" hits="1"/>
                <line number="612" hits="1"/>
                <line number="613" hits="1"/>
                <line number="614" hits="1"/>
                <line number="615" hits="1"/>
                <line number="616" hits="1"/>
                <line number="618" hits="1"/>
                <line number="621" hits="1"/>
                <line number="623" hits="1"/>
                <line number="624" hits="1"/>
                <line number="627" hits="1"/>
                <line number="628" hits="1"/>
              </lines>
            </method>
          </methods>
          <lines>
            <line number="127" hits="8"/>
            <line number="128" hits="8"/>
            <line number="129" hits="8"/>
            <line number="130" hits="8"/>
            <line number="132" hits="8"/>
            <line number="136" hits="8"/>
            <line number="137" hits="8"/>
            <line number="138" hits="8"/>
            <line number="139" hits="5"/>
            <line number="161" hits="4"/>
            <line number="163" hits="4"/>
            <line number="164" hits="1"/>
            <line number="165" hits="1"/>
            <line number="166" hits="1"/>
            <line number="167" hits="1"/>
            <line number="170" hits="4"/>
            <line number="176" hits="8"/>
            <line number="177" hits="8"/>
            <line number="178" hits="8"/>
            <line number="179" hits="3"/>
            <line number="180" hits="3"/>
            <line number="181" hits="3"/>
            <line number="182" hits="3"/>
            <line number="256" hits="1"/>
            <line number="257" hits="1"/>
            <line number="258" hits="0"/>
            <line number="261" hits="1"/>
            <line number="263" hits="1"/>
            <line number="264" hits="0"/>
            <line number="271" hits="1"/>
            <line number="273" hits="1"/>
            <line number="274" hits="1"/>
            <line number="275" hits="0"/>
            <line number="276" hits="0"/>
            <line number="277" hits="0"/>
            <line number="278" hits="0"/>
            <line number="279" hits="0"/>
            <line number="281" hits="0"/>
            <line number="284" hits="1"/>
            <line number="286" hits="1"/>
            <line number="287" hits="1"/>
            <line number="288" hits="1"/>
            <line number="300" hits="1"/>
            <line number="302" hits="1"/>
            <line number="303" hits="1"/>
            <line number="304" hits="1"/>
            <line number="305" hits="1"/>
            <line number="306" hits="1"/>
            <line number="307" hits="1"/>
            <line number="309" hits="1"/>
            <line number="312" hits="1"/>
            <line number="314" hits="1"/>
            <line number="315" hits="1"/>
            <line number="318" hits="1"/>
            <line number="319" hits="1"/>
            <line number="329" hits="1"/>
            <line number="341" hits="1"/>
            <line number="342" hits="1"/>
            <line number="343" hits="0"/>
            <line number="346" hits="1"/>
            <line number="348" hits="1"/>
            <line number="350" hits="1"/>
            <line number="351" hits="1"/>
            <line number="352" hits="0"/>
            <line number="353" hits="0"/>
            <line number="354" hits="0"/>
            <line number="355" hits="0"/>
            <line number="356" hits="0"/>
            <line number="358" hits="0"/>
            <line number="361" hits="1"/>
            <line number="363" hits="1"/>
            <line number="364" hits="1"/>
            <line number="365" hits="0"/>
            <line number="368" hits="1"/>
            <line number="369" hits="1"/>
            <line number="370" hits="1"/>
            <line number="371" hits="1"/>
            <line number="372" hits="1"/>
            <line number="374" hits="0"/>
            <line number="377" hits="1"/>
            <line number="378" hits="1"/>
            <line number="379" hits="1"/>
            <line number="380" hits="1"/>
            <line number="381" hits="1"/>
            <line number="382" hits="1"/>
            <line number="384" hits="1"/>
            <line number="387" hits="1"/>
            <line number="389" hits="1"/>
            <line number="390" hits="1"/>
            <line number="397" hits="1"/>
            <line number="398" hits="1"/>
            <line number="401" hits="1"/>
            <line number="402" hits="1"/>
            <line number="404" hits="1"/>
            <line number="416" hits="1"/>
            <line number="417" hits="1"/>
            <line number="418" hits="0"/>
            <line number="421" hits="1"/>
            <line number="423" hits="1"/>
            <line number="424" hits="1"/>
            <line number="427" hits="1"/>
            <line number="429" hits="1"/>
            <line number="430" hits="1"/>
            <line number="431" hits="0"/>
            <line number="432" hits="0"/>
            <line number="433" hits="0"/>
            <line number="434" hits="0"/>
            <line number="435" hits="0"/>
            <line number="437" hits="0"/>
            <line number="440" hits="1"/>
            <line number="442" hits="1"/>
            <line number="443" hits="1"/>
            <line number="444" hits="1"/>
            <line number="447" hits="1"/>
            <line number="448" hits="1"/>
            <line number="449" hits="1"/>
            <line number="450" hits="1"/>
            <line number="451" hits="1"/>
            <line number="452" hits="1"/>
            <line number="453" hits="1"/>
            <line number="455" hits="1"/>
            <line number="458" hits="1"/>
            <line number="460" hits="1"/>
            <line number="461" hits="1"/>
            <line number="464" hits="1"/>
            <line number="465" hits="1"/>
            <line number="471" hits="1"/>
            <line number="483" hits="1"/>
            <line number="484" hits="1"/>
            <line number="485" hits="0"/>
            <line number="488" hits="1"/>
            <line number="490" hits="1"/>
            <line number="491" hits="1"/>
            <line number="494" hits="1"/>
            <line number="496" hits="1"/>
            <line number="497" hits="1"/>
            <line number="498" hits="0"/>
            <line number="499" hits="0"/>
            <line number="500" hits="0"/>
            <line number="501" hits="0"/>
            <line number="502" hits="0"/>
            <line number="504" hits="0"/>
            <line number="507" hits="1"/>
            <line number="509" hits="1"/>
            <line number="510" hits="1"/>
            <line number="511" hits="1"/>
            <line number="514" hits="1"/>
            <line number="515" hits="1"/>
            <line number="516" hits="1"/>
            <line number="517" hits="1"/>
            <line number="518" hits="1"/>
            <line number="519" hits="1"/>
            <line number="520" hits="1"/>
            <line number="522" hits="1"/>
            <line number="525" hits="1"/>
            <line number="527" hits="1"/>
            <line number="528" hits="1"/>
            <line number="531" hits="1"/>
            <line number="532" hits="1"/>
            <line number="538" hits="1"/>
            <line number="550" hits="4"/>
            <line number="557" hits="4"/>
            <line number="558" hits="3"/>
            <line number="561" hits="1"/>
            <line number="563" hits="1"/>
            <line number="564" hits="1"/>
            <line number="567" hits="1"/>
            <line number="569" hits="1"/>
            <line number="570" hits="1"/>
            <line number="571" hits="0"/>
            <line number="572" hits="0"/>
            <line number="573" hits="0"/>
            <line number="574" hits="0"/>
            <line number="575" hits="0"/>
            <line number="577" hits="0"/>
            <line number="580" hits="1"/>
            <line number="582" hits="1"/>
            <line number="583" hits="1"/>
            <line number="584" hits="1"/>
            <line number="587" hits="1"/>
            <line number="589" hits="1"/>
            <line number="590" hits="1"/>
            <line number="591" hits="1"/>
            <line number="592" hits="1"/>
            <line number="593" hits="1"/>
            <line number="594" hits="1"/>
            <line number="595" hits="1"/>
            <line number="596" hits="1"/>
            <line number="597" hits="1"/>
            <line number="598" hits="1"/>
            <line number="599" hits="1"/>
            <line number="600" hits="1"/>
            <line number="601" hits="0"/>
            <line number="602" hits="1"/>
            <line number="603" hits="1"/>
            <line number="604" hits="1"/>
            <line number="605" hits="1"/>
            <line number="606" hits="1"/>
            <line number="607" hits="1"/>
            <line number="608" hits="1"/>
            <line number="611" hits="1"/>
            <line number="612" hits="1"/>
            <line number="613" hits="1"/>
            <line number="614" hits="1"/>
            <line number="615" hits="1"/>
            <line number="616" hits="1"/>
            <line number="618" hits="1"/>
            <line number="621" hits="1"/>
            <line number="623" hits="1"/>
            <line number="624" hits="1"/>
            <line number="627" hits="1"/>
            <line number="628" hits="1"/>
          </lines>
        </class>
      </classes>
    </package>
    <package name="Building/Request/BuildRequest.php" line-rate="0.84153005464481" branch-rate="0" complexity="50">
      <classes>
        <class name="Playground\Make\Controller\Building\Request\BuildRequest" filename="Building/Request/BuildRequest.php" line-rate="0.84153005464481" branch-rate="0" complexity="50">
          <methods>
            <method name="buildClass_form" signature="string $name" line-rate="0.98630136986301" branch-rate="0" complexity="16">
              <lines>
                <line number="54" hits="28"/>
                <line number="56" hits="28"/>
                <line number="57" hits="28"/>
                <line number="58" hits="28"/>
                <line number="59" hits="28"/>
                <line number="60" hits="28"/>
                <line number="62" hits="28"/>
                <line number="63" hits="28"/>
                <line number="65" hits="28"/>
                <line number="78" hits="28"/>
                <line number="79" hits="28"/>
                <line number="80" hits="28"/>
                <line number="81" hits="28"/>
                <line number="82" hits="28"/>
                <line number="87" hits="27"/>
                <line number="88" hits="27"/>
                <line number="89" hits="27"/>
                <line number="94" hits="25"/>
                <line number="95" hits="25"/>
                <line number="96" hits="25"/>
                <line number="101" hits="25"/>
                <line number="102" hits="25"/>
                <line number="103" hits="25"/>
                <line number="108" hits="25"/>
                <line number="109" hits="25"/>
                <line number="110" hits="25"/>
                <line number="115" hits="25"/>
                <line number="116" hits="25"/>
                <line number="117" hits="25"/>
                <line number="122" hits="25"/>
                <line number="123" hits="25"/>
                <line number="124" hits="25"/>
                <line number="125" hits="2"/>
                <line number="126" hits="2"/>
                <line number="127" hits="2"/>
                <line number="128" hits="2"/>
                <line number="139" hits="23"/>
                <line number="140" hits="23"/>
                <line number="141" hits="23"/>
                <line number="146" hits="23"/>
                <line number="147" hits="23"/>
                <line number="148" hits="23"/>
                <line number="149" hits="2"/>
                <line number="150" hits="2"/>
                <line number="151" hits="2"/>
                <line number="152" hits="2"/>
                <line number="160" hits="21"/>
                <line number="161" hits="21"/>
                <line number="162" hits="21"/>
                <line number="163" hits="5"/>
                <line number="164" hits="5"/>
                <line number="169" hits="16"/>
                <line number="170" hits="16"/>
                <line number="171" hits="16"/>
                <line number="172" hits="16"/>
                <line number="178" hits="8"/>
                <line number="179" hits="8"/>
                <line number="182" hits="28"/>
                <line number="183" hits="28"/>
                <line number="184" hits="28"/>
                <line number="185" hits="28"/>
                <line number="186" hits="28"/>
                <line number="187" hits="28"/>
                <line number="189" hits="28"/>
                <line number="191" hits="28"/>
                <line number="192" hits="28"/>
                <line number="194" hits="28"/>
                <line number="200" hits="28"/>
                <line number="201" hits="2"/>
                <line number="204" hits="28"/>
                <line number="205" hits="4"/>
                <line number="208" hits="28"/>
                <line number="209" hits="0"/>
              </lines>
            </method>
            <method name="buildClass_rules_constant" signature="Playground\Make\Configuration\Model $model" line-rate="0.96153846153846" branch-rate="0" complexity="7">
              <lines>
                <line number="252" hits="2"/>
                <line number="254" hits="2"/>
                <line number="256" hits="2"/>
                <line number="263" hits="2"/>
                <line number="264" hits="2"/>
                <line number="265" hits="2"/>
                <line number="266" hits="2"/>
                <line number="267" hits="2"/>
                <line number="268" hits="2"/>
                <line number="270" hits="1"/>
                <line number="271" hits="1"/>
                <line number="272" hits="1"/>
                <line number="273" hits="1"/>
                <line number="274" hits="1"/>
                <line number="277" hits="2"/>
                <line number="278" hits="2"/>
                <line number="279" hits="0"/>
                <line number="282" hits="2"/>
                <line number="283" hits="1"/>
                <line number="286" hits="1"/>
                <line number="288" hits="1"/>
                <line number="289" hits="1"/>
                <line number="292" hits="1"/>
                <line number="293" hits="1"/>
                <line number="296" hits="1"/>
                <line number="297" hits="1"/>
              </lines>
            </method>
            <method name="buildClass_rules_constant_for_return_url" signature="int $indent" line-rate="1" branch-rate="0" complexity="2">
              <lines>
                <line number="306" hits="2"/>
                <line number="307" hits="2"/>
                <line number="308" hits="2"/>
                <line number="309" hits="2"/>
                <line number="310" hits="2"/>
                <line number="311" hits="2"/>
                <line number="312" hits="2"/>
                <line number="313" hits="2"/>
                <line number="314" hits="2"/>
                <line number="315" hits="2"/>
                <line number="316" hits="1"/>
                <line number="319" hits="1"/>
                <line number="321" hits="1"/>
                <line number="323" hits="1"/>
                <line number="325" hits="1"/>
              </lines>
            </method>
            <method name="buildClass_rules_constant_for_only_fillable" signature="Playground\Make\Configuration\Model $model, int $indent" line-rate="0.73076923076923" branch-rate="0" complexity="20">
              <lines>
                <line number="333" hits="1"/>
                <line number="335" hits="1"/>
                <line number="337" hits="1"/>
                <line number="339" hits="1"/>
                <line number="341" hits="0"/>
                <line number="342" hits="0"/>
                <line number="343" hits="0"/>
                <line number="344" hits="0"/>
                <line number="348" hits="1"/>
                <line number="355" hits="1"/>
                <line number="356" hits="0"/>
                <line number="357" hits="0"/>
                <line number="358" hits="0"/>
                <line number="359" hits="0"/>
                <line number="360" hits="0"/>
                <line number="362" hits="0"/>
                <line number="365" hits="1"/>
                <line number="367" hits="1"/>
                <line number="369" hits="1"/>
                <line number="370" hits="1"/>
                <line number="371" hits="1"/>
                <line number="372" hits="1"/>
                <line number="374" hits="1"/>
                <line number="375" hits="1"/>
                <line number="376" hits="1"/>
                <line number="377" hits="1"/>
                <line number="378" hits="1"/>
                <line number="383" hits="1"/>
                <line number="384" hits="1"/>
                <line number="386" hits="1"/>
                <line number="389" hits="1"/>
                <line number="392" hits="1"/>
                <line number="393" hits="1"/>
                <line number="394" hits="1"/>
                <line number="395" hits="1"/>
                <line number="396" hits="0"/>
                <line number="399" hits="1"/>
                <line number="400" hits="1"/>
                <line number="401" hits="1"/>
                <line number="403" hits="1"/>
                <line number="406" hits="1"/>
                <line number="407" hits="0"/>
                <line number="408" hits="0"/>
                <line number="410" hits="0"/>
                <line number="413" hits="1"/>
                <line number="415" hits="1"/>
                <line number="416" hits="1"/>
                <line number="417" hits="1"/>
                <line number="418" hits="1"/>
                <line number="419" hits="1"/>
                <line number="421" hits="1"/>
                <line number="429" hits="1"/>
              </lines>
            </method>
            <method name="buildClass_slug_table" signature="" line-rate="0.36363636363636" branch-rate="0" complexity="4">
              <lines>
                <line number="440" hits="4"/>
                <line number="441" hits="4"/>
                <line number="442" hits="4"/>
                <line number="443" hits="4"/>
                <line number="444" hits="0"/>
                <line number="445" hits="0"/>
                <line number="447" hits="0"/>
                <line number="448" hits="0"/>
                <line number="449" hits="0"/>
                <line number="450" hits="0"/>
                <line number="451" hits="0"/>
              </lines>
            </method>
            <method name="buildClass_rules_revision" signature="" line-rate="0" branch-rate="0" complexity="1">
              <lines>
                <line number="457" hits="0"/>
                <line number="459" hits="0"/>
                <line number="461" hits="0"/>
                <line number="462" hits="0"/>
                <line number="474" hits="0"/>
                <line number="482" hits="0"/>
              </lines>
            </method>
          </methods>
          <lines>
            <line number="54" hits="28"/>
            <line number="56" hits="28"/>
            <line number="57" hits="28"/>
            <line number="58" hits="28"/>
            <line number="59" hits="28"/>
            <line number="60" hits="28"/>
            <line number="62" hits="28"/>
            <line number="63" hits="28"/>
            <line number="65" hits="28"/>
            <line number="78" hits="28"/>
            <line number="79" hits="28"/>
            <line number="80" hits="28"/>
            <line number="81" hits="28"/>
            <line number="82" hits="28"/>
            <line number="87" hits="27"/>
            <line number="88" hits="27"/>
            <line number="89" hits="27"/>
            <line number="94" hits="25"/>
            <line number="95" hits="25"/>
            <line number="96" hits="25"/>
            <line number="101" hits="25"/>
            <line number="102" hits="25"/>
            <line number="103" hits="25"/>
            <line number="108" hits="25"/>
            <line number="109" hits="25"/>
            <line number="110" hits="25"/>
            <line number="115" hits="25"/>
            <line number="116" hits="25"/>
            <line number="117" hits="25"/>
            <line number="122" hits="25"/>
            <line number="123" hits="25"/>
            <line number="124" hits="25"/>
            <line number="125" hits="2"/>
            <line number="126" hits="2"/>
            <line number="127" hits="2"/>
            <line number="128" hits="2"/>
            <line number="139" hits="23"/>
            <line number="140" hits="23"/>
            <line number="141" hits="23"/>
            <line number="146" hits="23"/>
            <line number="147" hits="23"/>
            <line number="148" hits="23"/>
            <line number="149" hits="2"/>
            <line number="150" hits="2"/>
            <line number="151" hits="2"/>
            <line number="152" hits="2"/>
            <line number="160" hits="21"/>
            <line number="161" hits="21"/>
            <line number="162" hits="21"/>
            <line number="163" hits="5"/>
            <line number="164" hits="5"/>
            <line number="169" hits="16"/>
            <line number="170" hits="16"/>
            <line number="171" hits="16"/>
            <line number="172" hits="16"/>
            <line number="178" hits="8"/>
            <line number="179" hits="8"/>
            <line number="182" hits="28"/>
            <line number="183" hits="28"/>
            <line number="184" hits="28"/>
            <line number="185" hits="28"/>
            <line number="186" hits="28"/>
            <line number="187" hits="28"/>
            <line number="189" hits="28"/>
            <line number="191" hits="28"/>
            <line number="192" hits="28"/>
            <line number="194" hits="28"/>
            <line number="200" hits="28"/>
            <line number="201" hits="2"/>
            <line number="204" hits="28"/>
            <line number="205" hits="4"/>
            <line number="208" hits="28"/>
            <line number="209" hits="0"/>
            <line number="252" hits="2"/>
            <line number="254" hits="2"/>
            <line number="256" hits="2"/>
            <line number="263" hits="2"/>
            <line number="264" hits="2"/>
            <line number="265" hits="2"/>
            <line number="266" hits="2"/>
            <line number="267" hits="2"/>
            <line number="268" hits="2"/>
            <line number="270" hits="1"/>
            <line number="271" hits="1"/>
            <line number="272" hits="1"/>
            <line number="273" hits="1"/>
            <line number="274" hits="1"/>
            <line number="277" hits="2"/>
            <line number="278" hits="2"/>
            <line number="279" hits="0"/>
            <line number="282" hits="2"/>
            <line number="283" hits="1"/>
            <line number="286" hits="1"/>
            <line number="288" hits="1"/>
            <line number="289" hits="1"/>
            <line number="292" hits="1"/>
            <line number="293" hits="1"/>
            <line number="296" hits="1"/>
            <line number="297" hits="1"/>
            <line number="306" hits="2"/>
            <line number="307" hits="2"/>
            <line number="308" hits="2"/>
            <line number="309" hits="2"/>
            <line number="310" hits="2"/>
            <line number="311" hits="2"/>
            <line number="312" hits="2"/>
            <line number="313" hits="2"/>
            <line number="314" hits="2"/>
            <line number="315" hits="2"/>
            <line number="316" hits="1"/>
            <line number="319" hits="1"/>
            <line number="321" hits="1"/>
            <line number="323" hits="1"/>
            <line number="325" hits="1"/>
            <line number="333" hits="1"/>
            <line number="335" hits="1"/>
            <line number="337" hits="1"/>
            <line number="339" hits="1"/>
            <line number="341" hits="0"/>
            <line number="342" hits="0"/>
            <line number="343" hits="0"/>
            <line number="344" hits="0"/>
            <line number="348" hits="1"/>
            <line number="355" hits="1"/>
            <line number="356" hits="0"/>
            <line number="357" hits="0"/>
            <line number="358" hits="0"/>
            <line number="359" hits="0"/>
            <line number="360" hits="0"/>
            <line number="362" hits="0"/>
            <line number="365" hits="1"/>
            <line number="367" hits="1"/>
            <line number="369" hits="1"/>
            <line number="370" hits="1"/>
            <line number="371" hits="1"/>
            <line number="372" hits="1"/>
            <line number="374" hits="1"/>
            <line number="375" hits="1"/>
            <line number="376" hits="1"/>
            <line number="377" hits="1"/>
            <line number="378" hits="1"/>
            <line number="383" hits="1"/>
            <line number="384" hits="1"/>
            <line number="386" hits="1"/>
            <line number="389" hits="1"/>
            <line number="392" hits="1"/>
            <line number="393" hits="1"/>
            <line number="394" hits="1"/>
            <line number="395" hits="1"/>
            <line number="396" hits="0"/>
            <line number="399" hits="1"/>
            <line number="400" hits="1"/>
            <line number="401" hits="1"/>
            <line number="403" hits="1"/>
            <line number="406" hits="1"/>
            <line number="407" hits="0"/>
            <line number="408" hits="0"/>
            <line number="410" hits="0"/>
            <line number="413" hits="1"/>
            <line number="415" hits="1"/>
            <line number="416" hits="1"/>
            <line number="417" hits="1"/>
            <line number="418" hits="1"/>
            <line number="419" hits="1"/>
            <line number="421" hits="1"/>
            <line number="429" hits="1"/>
            <line number="440" hits="4"/>
            <line number="441" hits="4"/>
            <line number="442" hits="4"/>
            <line number="443" hits="4"/>
            <line number="444" hits="0"/>
            <line number="445" hits="0"/>
            <line number="447" hits="0"/>
            <line number="448" hits="0"/>
            <line number="449" hits="0"/>
            <line number="450" hits="0"/>
            <line number="451" hits="0"/>
            <line number="457" hits="0"/>
            <line number="459" hits="0"/>
            <line number="461" hits="0"/>
            <line number="462" hits="0"/>
            <line number="474" hits="0"/>
            <line number="482" hits="0"/>
          </lines>
        </class>
      </classes>
    </package>
    <package name="Building/Skeletons/BuildBlades.php" line-rate="0.85245901639344" branch-rate="0" complexity="26">
      <classes>
        <class name="Playground\Make\Controller\Building\Skeletons\BuildBlades" filename="Building/Skeletons/BuildBlades.php" line-rate="0.85245901639344" branch-rate="0" complexity="26">
          <methods>
            <method name="skeleton_blades" signature="string $type" line-rate="0.85245901639344" branch-rate="0" complexity="26">
              <lines>
                <line number="31" hits="2"/>
                <line number="32" hits="2"/>
                <line number="33" hits="2"/>
                <line number="34" hits="2"/>
                <line number="40" hits="1"/>
                <line number="43" hits="1"/>
                <line number="46" hits="1"/>
                <line number="47" hits="1"/>
                <line number="48" hits="1"/>
                <line number="49" hits="1"/>
                <line number="50" hits="1"/>
                <line number="51" hits="1"/>
                <line number="52" hits="1"/>
                <line number="54" hits="1"/>
                <line number="55" hits="1"/>
                <line number="57" hits="1"/>
                <line number="59" hits="1"/>
                <line number="60" hits="1"/>
                <line number="63" hits="1"/>
                <line number="64" hits="1"/>
                <line number="67" hits="1"/>
                <line number="68" hits="1"/>
                <line number="71" hits="1"/>
                <line number="72" hits="1"/>
                <line number="75" hits="1"/>
                <line number="77" hits="1"/>
                <line number="79" hits="1"/>
                <line number="80" hits="1"/>
                <line number="81" hits="1"/>
                <line number="82" hits="1"/>
                <line number="83" hits="0"/>
                <line number="84" hits="0"/>
                <line number="85" hits="0"/>
                <line number="86" hits="0"/>
                <line number="87" hits="0"/>
                <line number="89" hits="0"/>
                <line number="92" hits="1"/>
                <line number="93" hits="1"/>
                <line number="94" hits="1"/>
                <line number="95" hits="1"/>
                <line number="96" hits="1"/>
                <line number="97" hits="1"/>
                <line number="98" hits="1"/>
                <line number="99" hits="1"/>
                <line number="100" hits="1"/>
                <line number="101" hits="1"/>
                <line number="102" hits="1"/>
                <line number="104" hits="1"/>
                <line number="105" hits="1"/>
                <line number="107" hits="1"/>
                <line number="109" hits="1"/>
                <line number="110" hits="0"/>
                <line number="112" hits="1"/>
                <line number="113" hits="1"/>
                <line number="117" hits="1"/>
                <line number="118" hits="0"/>
                <line number="121" hits="1"/>
                <line number="122" hits="0"/>
                <line number="125" hits="1"/>
                <line number="126" hits="1"/>
                <line number="134" hits="1"/>
              </lines>
            </method>
          </methods>
          <lines>
            <line number="31" hits="2"/>
            <line number="32" hits="2"/>
            <line number="33" hits="2"/>
            <line number="34" hits="2"/>
            <line number="40" hits="1"/>
            <line number="43" hits="1"/>
            <line number="46" hits="1"/>
            <line number="47" hits="1"/>
            <line number="48" hits="1"/>
            <line number="49" hits="1"/>
            <line number="50" hits="1"/>
            <line number="51" hits="1"/>
            <line number="52" hits="1"/>
            <line number="54" hits="1"/>
            <line number="55" hits="1"/>
            <line number="57" hits="1"/>
            <line number="59" hits="1"/>
            <line number="60" hits="1"/>
            <line number="63" hits="1"/>
            <line number="64" hits="1"/>
            <line number="67" hits="1"/>
            <line number="68" hits="1"/>
            <line number="71" hits="1"/>
            <line number="72" hits="1"/>
            <line number="75" hits="1"/>
            <line number="77" hits="1"/>
            <line number="79" hits="1"/>
            <line number="80" hits="1"/>
            <line number="81" hits="1"/>
            <line number="82" hits="1"/>
            <line number="83" hits="0"/>
            <line number="84" hits="0"/>
            <line number="85" hits="0"/>
            <line number="86" hits="0"/>
            <line number="87" hits="0"/>
            <line number="89" hits="0"/>
            <line number="92" hits="1"/>
            <line number="93" hits="1"/>
            <line number="94" hits="1"/>
            <line number="95" hits="1"/>
            <line number="96" hits="1"/>
            <line number="97" hits="1"/>
            <line number="98" hits="1"/>
            <line number="99" hits="1"/>
            <line number="100" hits="1"/>
            <line number="101" hits="1"/>
            <line number="102" hits="1"/>
            <line number="104" hits="1"/>
            <line number="105" hits="1"/>
            <line number="107" hits="1"/>
            <line number="109" hits="1"/>
            <line number="110" hits="0"/>
            <line number="112" hits="1"/>
            <line number="113" hits="1"/>
            <line number="117" hits="1"/>
            <line number="118" hits="0"/>
            <line number="121" hits="1"/>
            <line number="122" hits="0"/>
            <line number="125" hits="1"/>
            <line number="126" hits="1"/>
            <line number="134" hits="1"/>
          </lines>
        </class>
      </classes>
    </package>
    <package name="Building/Skeletons/BuildController.php" line-rate="0.51724137931034" branch-rate="0" complexity="24">
      <classes>
        <class name="Playground\Make\Controller\Building\Skeletons\BuildController" filename="Building/Skeletons/BuildController.php" line-rate="0.51724137931034" branch-rate="0" complexity="24">
          <methods>
            <method name="prepareOptionsSlugs" signature="array $options" line-rate="0.5" branch-rate="0" complexity="4">
              <lines>
                <line number="23" hits="4"/>
                <line number="24" hits="2"/>
                <line number="25" hits="0"/>
                <line number="26" hits="0"/>
                <line number="27" hits="0"/>
                <line number="28" hits="0"/>
                <line number="31" hits="4"/>
                <line number="32" hits="4"/>
              </lines>
            </method>
            <method name="prepareOptionsExtends" signature="array $options" line-rate="0.42105263157895" branch-rate="0" complexity="5">
              <lines>
                <line number="40" hits="4"/>
                <line number="42" hits="0"/>
                <line number="43" hits="0"/>
                <line number="45" hits="0"/>
                <line number="46" hits="0"/>
                <line number="47" hits="0"/>
                <line number="48" hits="0"/>
                <line number="49" hits="0"/>
                <line number="51" hits="0"/>
                <line number="52" hits="0"/>
                <line number="53" hits="0"/>
                <line number="54" hits="0"/>
                <line number="58" hits="4"/>
                <line number="59" hits="4"/>
                <line number="60" hits="4"/>
                <line number="62" hits="4"/>
                <line number="63" hits="4"/>
                <line number="66" hits="4"/>
                <line number="67" hits="4"/>
              </lines>
            </method>
            <method name="prepareOptionsTypeDefault" signature="array $options" line-rate="0.45454545454545" branch-rate="0" complexity="6">
              <lines>
                <line number="75" hits="2"/>
                <line number="77" hits="2"/>
                <line number="78" hits="0"/>
                <line number="79" hits="0"/>
                <line number="80" hits="0"/>
                <line number="81" hits="0"/>
                <line number="84" hits="2"/>
                <line number="85" hits="0"/>
                <line number="86" hits="2"/>
                <line number="87" hits="0"/>
                <line number="91" hits="2"/>
              </lines>
            </method>
            <method name="prepareOptionsRoute" signature="array $options" line-rate="0.65" branch-rate="0" complexity="9">
              <lines>
                <line number="99" hits="4"/>
                <line number="100" hits="0"/>
                <line number="101" hits="0"/>
                <line number="102" hits="0"/>
                <line number="103" hits="0"/>
                <line number="106" hits="4"/>
                <line number="108" hits="2"/>
                <line number="110" hits="2"/>
                <line number="111" hits="2"/>
                <line number="112" hits="2"/>
                <line number="113" hits="0"/>
                <line number="115" hits="2"/>
                <line number="119" hits="2"/>
                <line number="120" hits="0"/>
                <line number="122" hits="2"/>
                <line number="123" hits="0"/>
                <line number="126" hits="2"/>
                <line number="127" hits="2"/>
                <line number="128" hits="2"/>
                <line number="130" hits="2"/>
              </lines>
            </method>
          </methods>
          <lines>
            <line number="23" hits="4"/>
            <line number="24" hits="2"/>
            <line number="25" hits="0"/>
            <line number="26" hits="0"/>
            <line number="27" hits="0"/>
            <line number="28" hits="0"/>
            <line number="31" hits="4"/>
            <line number="32" hits="4"/>
            <line number="40" hits="4"/>
            <line number="42" hits="0"/>
            <line number="43" hits="0"/>
            <line number="45" hits="0"/>
            <line number="46" hits="0"/>
            <line number="47" hits="0"/>
            <line number="48" hits="0"/>
            <line number="49" hits="0"/>
            <line number="51" hits="0"/>
            <line number="52" hits="0"/>
            <line number="53" hits="0"/>
            <line number="54" hits="0"/>
            <line number="58" hits="4"/>
            <line number="59" hits="4"/>
            <line number="60" hits="4"/>
            <line number="62" hits="4"/>
            <line number="63" hits="4"/>
            <line number="66" hits="4"/>
            <line number="67" hits="4"/>
            <line number="75" hits="2"/>
            <line number="77" hits="2"/>
            <line number="78" hits="0"/>
            <line number="79" hits="0"/>
            <line number="80" hits="0"/>
            <line number="81" hits="0"/>
            <line number="84" hits="2"/>
            <line number="85" hits="0"/>
            <line number="86" hits="2"/>
            <line number="87" hits="0"/>
            <line number="91" hits="2"/>
            <line number="99" hits="4"/>
            <line number="100" hits="0"/>
            <line number="101" hits="0"/>
            <line number="102" hits="0"/>
            <line number="103" hits="0"/>
            <line number="106" hits="4"/>
            <line number="108" hits="2"/>
            <line number="110" hits="2"/>
            <line number="111" hits="2"/>
            <line number="112" hits="2"/>
            <line number="113" hits="0"/>
            <line number="115" hits="2"/>
            <line number="119" hits="2"/>
            <line number="120" hits="0"/>
            <line number="122" hits="2"/>
            <line number="123" hits="0"/>
            <line number="126" hits="2"/>
            <line number="127" hits="2"/>
            <line number="128" hits="2"/>
            <line number="130" hits="2"/>
          </lines>
        </class>
      </classes>
    </package>
    <package name="Building/Skeletons/BuildOpenAPI.php" line-rate="0.92727272727273" branch-rate="0" complexity="21">
      <classes>
        <class name="Playground\Make\Controller\Building\Skeletons\BuildOpenAPI" filename="Building/Skeletons/BuildOpenAPI.php" line-rate="0.92727272727273" branch-rate="0" complexity="21">
          <methods>
            <method name="skeleton_openapi" signature="string $type" line-rate="0.92727272727273" branch-rate="0" complexity="21">
              <lines>
                <line number="20" hits="2"/>
                <line number="21" hits="2"/>
                <line number="22" hits="2"/>
                <line number="23" hits="2"/>
                <line number="24" hits="2"/>
                <line number="30" hits="1"/>
                <line number="33" hits="1"/>
                <line number="34" hits="1"/>
                <line number="35" hits="1"/>
                <line number="36" hits="1"/>
                <line number="37" hits="1"/>
                <line number="38" hits="1"/>
                <line number="39" hits="1"/>
                <line number="41" hits="1"/>
                <line number="43" hits="1"/>
                <line number="45" hits="1"/>
                <line number="46" hits="1"/>
                <line number="49" hits="1"/>
                <line number="50" hits="1"/>
                <line number="53" hits="1"/>
                <line number="54" hits="1"/>
                <line number="57" hits="1"/>
                <line number="58" hits="1"/>
                <line number="61" hits="1"/>
                <line number="62" hits="1"/>
                <line number="65" hits="1"/>
                <line number="66" hits="1"/>
                <line number="67" hits="1"/>
                <line number="68" hits="1"/>
                <line number="69" hits="1"/>
                <line number="70" hits="1"/>
                <line number="71" hits="1"/>
                <line number="72" hits="1"/>
                <line number="73" hits="1"/>
                <line number="76" hits="1"/>
                <line number="77" hits="1"/>
                <line number="79" hits="1"/>
                <line number="80" hits="1"/>
                <line number="81" hits="1"/>
                <line number="82" hits="0"/>
                <line number="84" hits="1"/>
                <line number="85" hits="1"/>
                <line number="89" hits="1"/>
                <line number="90" hits="0"/>
                <line number="93" hits="1"/>
                <line number="94" hits="0"/>
                <line number="97" hits="1"/>
                <line number="98" hits="1"/>
                <line number="99" hits="1"/>
                <line number="100" hits="1"/>
                <line number="101" hits="1"/>
                <line number="102" hits="1"/>
                <line number="103" hits="0"/>
                <line number="135" hits="1"/>
                <line number="147" hits="1"/>
              </lines>
            </method>
          </methods>
          <lines>
            <line number="20" hits="2"/>
            <line number="21" hits="2"/>
            <line number="22" hits="2"/>
            <line number="23" hits="2"/>
            <line number="24" hits="2"/>
            <line number="30" hits="1"/>
            <line number="33" hits="1"/>
            <line number="34" hits="1"/>
            <line number="35" hits="1"/>
            <line number="36" hits="1"/>
            <line number="37" hits="1"/>
            <line number="38" hits="1"/>
            <line number="39" hits="1"/>
            <line number="41" hits="1"/>
            <line number="43" hits="1"/>
            <line number="45" hits="1"/>
            <line number="46" hits="1"/>
            <line number="49" hits="1"/>
            <line number="50" hits="1"/>
            <line number="53" hits="1"/>
            <line number="54" hits="1"/>
            <line number="57" hits="1"/>
            <line number="58" hits="1"/>
            <line number="61" hits="1"/>
            <line number="62" hits="1"/>
            <line number="65" hits="1"/>
            <line number="66" hits="1"/>
            <line number="67" hits="1"/>
            <line number="68" hits="1"/>
            <line number="69" hits="1"/>
            <line number="70" hits="1"/>
            <line number="71" hits="1"/>
            <line number="72" hits="1"/>
            <line number="73" hits="1"/>
            <line number="76" hits="1"/>
            <line number="77" hits="1"/>
            <line number="79" hits="1"/>
            <line number="80" hits="1"/>
            <line number="81" hits="1"/>
            <line number="82" hits="0"/>
            <line number="84" hits="1"/>
            <line number="85" hits="1"/>
            <line number="89" hits="1"/>
            <line number="90" hits="0"/>
            <line number="93" hits="1"/>
            <line number="94" hits="0"/>
            <line number="97" hits="1"/>
            <line number="98" hits="1"/>
            <line number="99" hits="1"/>
            <line number="100" hits="1"/>
            <line number="101" hits="1"/>
            <line number="102" hits="1"/>
            <line number="103" hits="0"/>
            <line number="135" hits="1"/>
            <line number="147" hits="1"/>
          </lines>
        </class>
      </classes>
    </package>
    <package name="Building/Skeletons/BuildPackageInfo.php" line-rate="0.85779816513761" branch-rate="0" complexity="82">
      <classes>
        <class name="Playground\Make\Controller\Building\Skeletons\BuildPackageInfo" filename="Building/Skeletons/BuildPackageInfo.php" line-rate="0.85779816513761" branch-rate="0" complexity="82">
          <methods>
            <method name="preparePackageInfo" signature="array $options" line-rate="0.64705882352941" branch-rate="0" complexity="3">
              <lines>
                <line number="44" hits="4"/>
                <line number="46" hits="4"/>
                <line number="47" hits="4"/>
                <line number="48" hits="4"/>
                <line number="49" hits="4"/>
                <line number="50" hits="0"/>
                <line number="51" hits="0"/>
                <line number="52" hits="0"/>
                <line number="53" hits="0"/>
                <line number="54" hits="0"/>
                <line number="56" hits="0"/>
                <line number="59" hits="4"/>
                <line number="61" hits="4"/>
                <line number="63" hits="4"/>
                <line number="64" hits="4"/>
                <line number="65" hits="4"/>
                <line number="67" hits="4"/>
              </lines>
            </method>
            <method name="preparePackageInfo_table" signature="Playground\Make\Controller\Configuration\Controller\PackageInfo $packageInfo" line-rate="1" branch-rate="0" complexity="2">
              <lines>
                <line number="83" hits="4"/>
                <line number="84" hits="4"/>
                <line number="85" hits="2"/>
                <line number="86" hits="2"/>
                <line number="87" hits="2"/>
                <line number="89" hits="4"/>
              </lines>
            </method>
            <method name="preparePackageInfo_privilege" signature="Playground\Make\Controller\Configuration\Controller\PackageInfo $packageInfo, array $options" line-rate="0.8" branch-rate="0" complexity="11">
              <lines>
                <line number="109" hits="4"/>
                <line number="111" hits="4"/>
                <line number="113" hits="0"/>
                <line number="115" hits="0"/>
                <line number="116" hits="0"/>
                <line number="117" hits="0"/>
                <line number="120" hits="4"/>
                <line number="122" hits="2"/>
                <line number="124" hits="2"/>
                <line number="125" hits="2"/>
                <line number="128" hits="2"/>
                <line number="129" hits="2"/>
                <line number="130" hits="0"/>
                <line number="131" hits="0"/>
                <line number="133" hits="0"/>
                <line number="136" hits="2"/>
                <line number="137" hits="2"/>
                <line number="138" hits="2"/>
                <line number="139" hits="2"/>
                <line number="143" hits="4"/>
                <line number="144" hits="4"/>
                <line number="145" hits="4"/>
                <line number="146" hits="4"/>
                <line number="147" hits="2"/>
                <line number="149" hits="2"/>
                <line number="151" hits="2"/>
                <line number="152" hits="2"/>
                <line number="155" hits="2"/>
                <line number="159" hits="4"/>
                <line number="160" hits="4"/>
                <line number="161" hits="4"/>
                <line number="163" hits="4"/>
                <line number="164" hits="4"/>
                <line number="165" hits="4"/>
                <line number="167" hits="4"/>
              </lines>
            </method>
            <method name="preparePackageInfo_view" signature="Playground\Make\Controller\Configuration\Controller\PackageInfo $packageInfo, array $options" line-rate="0.8" branch-rate="0" complexity="12">
              <lines>
                <line number="190" hits="4"/>
                <line number="191" hits="4"/>
                <line number="192" hits="4"/>
                <line number="193" hits="4"/>
                <line number="194" hits="0"/>
                <line number="197" hits="4"/>
                <line number="199" hits="4"/>
                <line number="201" hits="0"/>
                <line number="203" hits="0"/>
                <line number="204" hits="0"/>
                <line number="205" hits="0"/>
                <line number="208" hits="4"/>
                <line number="210" hits="2"/>
                <line number="212" hits="2"/>
                <line number="213" hits="2"/>
[...]
                <line number="112" hits="1"/>
                <line number="113" hits="1"/>
                <line number="123" hits="14"/>
                <line number="124" hits="14"/>
                <line number="125" hits="14"/>
                <line number="126" hits="14"/>
                <line number="127" hits="8"/>
                <line number="128" hits="8"/>
                <line number="129" hits="2"/>
                <line number="133" hits="12"/>
                <line number="135" hits="12"/>
                <line number="136" hits="12"/>
                <line number="137" hits="12"/>
                <line number="138" hits="12"/>
                <line number="139" hits="12"/>
                <line number="140" hits="12"/>
                <line number="143" hits="12"/>
                <line number="144" hits="12"/>
                <line number="146" hits="12"/>
                <line number="147" hits="8"/>
                <line number="149" hits="8"/>
                <line number="150" hits="6"/>
                <line number="152" hits="8"/>
                <line number="153" hits="6"/>
                <line number="155" hits="8"/>
                <line number="156" hits="8"/>
                <line number="158" hits="8"/>
                <line number="159" hits="6"/>
                <line number="163" hits="12"/>
                <line number="164" hits="12"/>
                <line number="165" hits="12"/>
                <line number="166" hits="12"/>
                <line number="167" hits="12"/>
                <line number="168" hits="12"/>
                <line number="169" hits="12"/>
                <line number="171" hits="12"/>
                <line number="172" hits="12"/>
                <line number="173" hits="12"/>
                <line number="174" hits="12"/>
                <line number="175" hits="12"/>
                <line number="176" hits="12"/>
                <line number="177" hits="12"/>
                <line number="178" hits="12"/>
                <line number="180" hits="12"/>
                <line number="181" hits="3"/>
                <line number="182" hits="3"/>
                <line number="183" hits="3"/>
                <line number="184" hits="3"/>
                <line number="185" hits="3"/>
                <line number="186" hits="3"/>
                <line number="187" hits="3"/>
                <line number="188" hits="3"/>
                <line number="189" hits="3"/>
                <line number="190" hits="3"/>
                <line number="192" hits="3"/>
                <line number="193" hits="2"/>
                <line number="194" hits="2"/>
                <line number="195" hits="2"/>
                <line number="196" hits="2"/>
                <line number="197" hits="2"/>
                <line number="200" hits="9"/>
                <line number="201" hits="4"/>
                <line number="202" hits="4"/>
                <line number="203" hits="4"/>
                <line number="204" hits="4"/>
                <line number="205" hits="4"/>
                <line number="206" hits="4"/>
                <line number="207" hits="4"/>
                <line number="208" hits="4"/>
                <line number="209" hits="5"/>
                <line number="210" hits="2"/>
                <line number="211" hits="2"/>
                <line number="212" hits="2"/>
                <line number="213" hits="2"/>
                <line number="214" hits="2"/>
                <line number="215" hits="2"/>
                <line number="216" hits="2"/>
                <line number="217" hits="2"/>
                <line number="219" hits="3"/>
                <line number="220" hits="3"/>
                <line number="221" hits="3"/>
                <line number="222" hits="3"/>
              </lines>
            </method>
            <method name="getConfigurationFilename" signature="" line-rate="1" branch-rate="0" complexity="2">
              <lines>
                <line number="245" hits="11"/>
                <line number="246" hits="3"/>
                <line number="247" hits="3"/>
                <line number="248" hits="3"/>
                <line number="249" hits="3"/>
                <line number="250" hits="3"/>
                <line number="253" hits="8"/>
                <line number="254" hits="8"/>
                <line number="255" hits="8"/>
                <line number="256" hits="8"/>
                <line number="257" hits="8"/>
              </lines>
            </method>
            <method name="qualifyClass" signature="$name" line-rate="1" branch-rate="0" complexity="2">
              <lines>
                <line number="267" hits="11"/>
                <line number="268" hits="6"/>
                <line number="269" hits="6"/>
                <line number="270" hits="6"/>
                <line number="271" hits="6"/>
                <line number="305" hits="11"/>
                <line number="306" hits="11"/>
                <line number="307" hits="11"/>
                <line number="309" hits="11"/>
                <line number="310" hits="11"/>
                <line number="323" hits="11"/>
              </lines>
            </method>
            <method name="getStub" signature="" line-rate="0.85714285714286" branch-rate="0" complexity="7">
              <lines>
                <line number="343" hits="11"/>
                <line number="345" hits="11"/>
                <line number="347" hits="11"/>
                <line number="349" hits="11"/>
                <line number="350" hits="3"/>
                <line number="351" hits="8"/>
                <line number="352" hits="2"/>
                <line number="353" hits="0"/>
                <line number="355" hits="2"/>
                <line number="357" hits="6"/>
                <line number="358" hits="4"/>
                <line number="359" hits="0"/>
                <line number="361" hits="4"/>
                <line number="365" hits="11"/>
              </lines>
            </method>
            <method name="getOptions" signature="" line-rate="1" branch-rate="0" complexity="1">
              <lines>
                <line number="376" hits="14"/>
                <line number="377" hits="14"/>
                <line number="378" hits="14"/>
                <line number="379" hits="14"/>
                <line number="380" hits="14"/>
                <line number="381" hits="14"/>
                <line number="382" hits="14"/>
                <line number="383" hits="14"/>
                <line number="384" hits="14"/>
                <line number="385" hits="14"/>
                <line number="386" hits="14"/>
                <line number="387" hits="14"/>
                <line number="390" hits="14"/>
                <line number="391" hits="14"/>
                <line number="392" hits="14"/>
                <line number="394" hits="14"/>
                <line number="396" hits="14"/>
                <line number="402" hits="14"/>
              </lines>
            </method>
            <method name="getPath" signature="$name" line-rate="0.95454545454545" branch-rate="0" complexity="4">
              <lines>
                <line number="412" hits="11"/>
                <line number="414" hits="11"/>
                <line number="415" hits="11"/>
                <line number="416" hits="11"/>
                <line number="417" hits="11"/>
                <line number="418" hits="11"/>
                <line number="419" hits="11"/>
                <line number="420" hits="6"/>
                <line number="429" hits="5"/>
                <line number="430" hits="5"/>
                <line number="431" hits="5"/>
                <line number="432" hits="5"/>
                <line number="433" hits="3"/>
                <line number="441" hits="3"/>
                <line number="442" hits="0"/>
                <line number="445" hits="2"/>
                <line number="448" hits="11"/>
                <line number="449" hits="11"/>
                <line number="450" hits="11"/>
                <line number="451" hits="11"/>
                <line number="452" hits="11"/>
                <line number="454" hits="11"/>
              </lines>
            </method>
          </methods>
          <lines>
            <line number="91" hits="14"/>
            <line number="99" hits="14"/>
            <line number="101" hits="14"/>
            <line number="102" hits="1"/>
            <line number="103" hits="1"/>
            <line number="104" hits="1"/>
            <line number="105" hits="1"/>
            <line number="108" hits="14"/>
            <line number="110" hits="1"/>
            <line number="111" hits="1"/>
            <line number="112" hits="1"/>
            <line number="113" hits="1"/>
            <line number="123" hits="14"/>
            <line number="124" hits="14"/>
            <line number="125" hits="14"/>
            <line number="126" hits="14"/>
            <line number="127" hits="8"/>
            <line number="128" hits="8"/>
            <line number="129" hits="2"/>
            <line number="133" hits="12"/>
            <line number="135" hits="12"/>
            <line number="136" hits="12"/>
            <line number="137" hits="12"/>
            <line number="138" hits="12"/>
            <line number="139" hits="12"/>
            <line number="140" hits="12"/>
            <line number="143" hits="12"/>
            <line number="144" hits="12"/>
            <line number="146" hits="12"/>
            <line number="147" hits="8"/>
            <line number="149" hits="8"/>
            <line number="150" hits="6"/>
            <line number="152" hits="8"/>
            <line number="153" hits="6"/>
            <line number="155" hits="8"/>
            <line number="156" hits="8"/>
            <line number="158" hits="8"/>
            <line number="159" hits="6"/>
            <line number="163" hits="12"/>
            <line number="164" hits="12"/>
            <line number="165" hits="12"/>
            <line number="166" hits="12"/>
            <line number="167" hits="12"/>
            <line number="168" hits="12"/>
            <line number="169" hits="12"/>
            <line number="171" hits="12"/>
            <line number="172" hits="12"/>
            <line number="173" hits="12"/>
            <line number="174" hits="12"/>
            <line number="175" hits="12"/>
            <line number="176" hits="12"/>
            <line number="177" hits="12"/>
            <line number="178" hits="12"/>
            <line number="180" hits="12"/>
            <line number="181" hits="3"/>
            <line number="182" hits="3"/>
            <line number="183" hits="3"/>
            <line number="184" hits="3"/>
            <line number="185" hits="3"/>
            <line number="186" hits="3"/>
            <line number="187" hits="3"/>
            <line number="188" hits="3"/>
            <line number="189" hits="3"/>
            <line number="190" hits="3"/>
            <line number="192" hits="3"/>
            <line number="193" hits="2"/>
            <line number="194" hits="2"/>
            <line number="195" hits="2"/>
            <line number="196" hits="2"/>
            <line number="197" hits="2"/>
            <line number="200" hits="9"/>
            <line number="201" hits="4"/>
            <line number="202" hits="4"/>
            <line number="203" hits="4"/>
            <line number="204" hits="4"/>
            <line number="205" hits="4"/>
            <line number="206" hits="4"/>
            <line number="207" hits="4"/>
            <line number="208" hits="4"/>
            <line number="209" hits="5"/>
            <line number="210" hits="2"/>
            <line number="211" hits="2"/>
            <line number="212" hits="2"/>
            <line number="213" hits="2"/>
            <line number="214" hits="2"/>
            <line number="215" hits="2"/>
            <line number="216" hits="2"/>
            <line number="217" hits="2"/>
            <line number="219" hits="3"/>
            <line number="220" hits="3"/>
            <line number="221" hits="3"/>
            <line number="222" hits="3"/>
            <line number="245" hits="11"/>
            <line number="246" hits="3"/>
            <line number="247" hits="3"/>
            <line number="248" hits="3"/>
            <line number="249" hits="3"/>
            <line number="250" hits="3"/>
            <line number="253" hits="8"/>
            <line number="254" hits="8"/>
            <line number="255" hits="8"/>
            <line number="256" hits="8"/>
            <line number="257" hits="8"/>
            <line number="267" hits="11"/>
            <line number="268" hits="6"/>
            <line number="269" hits="6"/>
            <line number="270" hits="6"/>
            <line number="271" hits="6"/>
            <line number="305" hits="11"/>
            <line number="306" hits="11"/>
            <line number="307" hits="11"/>
            <line number="309" hits="11"/>
            <line number="310" hits="11"/>
            <line number="323" hits="11"/>
            <line number="343" hits="11"/>
            <line number="345" hits="11"/>
            <line number="347" hits="11"/>
            <line number="349" hits="11"/>
            <line number="350" hits="3"/>
            <line number="351" hits="8"/>
            <line number="352" hits="2"/>
            <line number="353" hits="0"/>
            <line number="355" hits="2"/>
            <line number="357" hits="6"/>
            <line number="358" hits="4"/>
            <line number="359" hits="0"/>
            <line number="361" hits="4"/>
            <line number="365" hits="11"/>
            <line number="376" hits="14"/>
            <line number="377" hits="14"/>
            <line number="378" hits="14"/>
            <line number="379" hits="14"/>
            <line number="380" hits="14"/>
            <line number="381" hits="14"/>
            <line number="382" hits="14"/>
            <line number="383" hits="14"/>
            <line number="384" hits="14"/>
            <line number="385" hits="14"/>
            <line number="386" hits="14"/>
            <line number="387" hits="14"/>
            <line number="390" hits="14"/>
            <line number="391" hits="14"/>
            <line number="392" hits="14"/>
            <line number="394" hits="14"/>
            <line number="396" hits="14"/>
            <line number="402" hits="14"/>
            <line number="412" hits="11"/>
            <line number="414" hits="11"/>
            <line number="415" hits="11"/>
            <line number="416" hits="11"/>
            <line number="417" hits="11"/>
            <line number="418" hits="11"/>
            <line number="419" hits="11"/>
            <line number="420" hits="6"/>
            <line number="429" hits="5"/>
            <line number="430" hits="5"/>
            <line number="431" hits="5"/>
            <line number="432" hits="5"/>
            <line number="433" hits="3"/>
            <line number="441" hits="3"/>
            <line number="442" hits="0"/>
            <line number="445" hits="2"/>
            <line number="448" hits="11"/>
            <line number="449" hits="11"/>
            <line number="450" hits="11"/>
            <line number="451" hits="11"/>
            <line number="452" hits="11"/>
            <line number="454" hits="11"/>
          </lines>
        </class>
      </classes>
    </package>
    <package name="ServiceProvider.php" line-rate="1" branch-rate="0" complexity="16">
      <classes>
        <class name="Playground\Make\Controller\ServiceProvider" filename="ServiceProvider.php" line-rate="1" branch-rate="0" complexity="16">
          <methods>
            <method name="boot" signature="" line-rate="1" branch-rate="0" complexity="7">
              <lines>
                <line number="35" hits="1"/>
                <line number="37" hits="1"/>
                <line number="39" hits="1"/>
                <line number="40" hits="1"/>
                <line number="43" hits="1"/>
                <line number="44" hits="1"/>
                <line number="45" hits="1"/>
                <line number="46" hits="1"/>
                <line number="47" hits="1"/>
                <line number="50" hits="1"/>
                <line number="52" hits="1"/>
                <line number="53" hits="1"/>
                <line number="54" hits="1"/>
                <line number="58" hits="1"/>
                <line number="59" hits="1"/>
              </lines>
            </method>
            <method name="boot_commands" signature="" line-rate="1" branch-rate="0" complexity="1">
              <lines>
                <line number="68" hits="1"/>
                <line number="70" hits="1"/>
                <line number="71" hits="1"/>
                <line number="72" hits="1"/>
                <line number="73" hits="1"/>
                <line number="74" hits="1"/>
                <line number="76" hits="1"/>
                <line number="78" hits="1"/>
              </lines>
            </method>
            <method name="register" signature="" line-rate="1" branch-rate="0" complexity="1">
              <lines>
                <line number="86" hits="1"/>
                <line number="87" hits="1"/>
                <line number="88" hits="1"/>
                <line number="89" hits="1"/>
              </lines>
            </method>
            <method name="about" signature="" line-rate="1" branch-rate="0" complexity="6">
              <lines>
                <line number="94" hits="1"/>
                <line number="95" hits="1"/>
                <line number="97" hits="1"/>
                <line number="99" hits="1"/>
                <line number="101" hits="1"/>
                <line number="102" hits="1"/>
                <line number="103" hits="1"/>
                <line number="104" hits="1"/>
                <line number="105" hits="1"/>
                <line number="106" hits="1"/>
              </lines>
            </method>
            <method name="version" signature="" line-rate="1" branch-rate="0" complexity="1">
              <lines>
                <line number="111" hits="1"/>
              </lines>
            </method>
          </methods>
          <lines>
            <line number="35" hits="1"/>
            <line number="37" hits="1"/>
            <line number="39" hits="1"/>
            <line number="40" hits="1"/>
            <line number="43" hits="1"/>
            <line number="44" hits="1"/>
            <line number="45" hits="1"/>
            <line number="46" hits="1"/>
            <line number="47" hits="1"/>
            <line number="50" hits="1"/>
            <line number="52" hits="1"/>
            <line number="53" hits="1"/>
            <line number="54" hits="1"/>
            <line number="58" hits="1"/>
            <line number="59" hits="1"/>
            <line number="68" hits="1"/>
            <line number="70" hits="1"/>
            <line number="71" hits="1"/>
            <line number="72" hits="1"/>
            <line number="73" hits="1"/>
            <line number="74" hits="1"/>
            <line number="76" hits="1"/>
            <line number="78" hits="1"/>
            <line number="86" hits="1"/>
            <line number="87" hits="1"/>
            <line number="88" hits="1"/>
            <line number="89" hits="1"/>
            <line number="94" hits="1"/>
            <line number="95" hits="1"/>
            <line number="97" hits="1"/>
            <line number="99" hits="1"/>
            <line number="101" hits="1"/>
            <line number="102" hits="1"/>
            <line number="103" hits="1"/>
            <line number="104" hits="1"/>
            <line number="105" hits="1"/>
            <line number="106" hits="1"/>
            <line number="111" hits="1"/>
          </lines>
        </class>
      </classes>
    </package>
  </packages>
</coverage>
