<?xml version="1.0" encoding="UTF-8"?>
<!DOCTYPE coverage SYSTEM "http://cobertura.sourceforge.net/xml/coverage-04.dtd">
<coverage line-rate="0.72674418604651" branch-rate="0" lines-covered="1625" lines-valid="2236" branches-covered="0" branches-valid="0" complexity="745" version="0.4" timestamp="1723019125">
  <sources>
    <source>/app/src</source>
  </sources>
  <packages>
    <package name="Building/BuildTests.php" line-rate="0" branch-rate="0" complexity="13">
      <classes>
        <class name="Playground\Make\Controller\Building\BuildTests" filename="Building/BuildTests.php" line-rate="0" branch-rate="0" complexity="13">
          <methods>
            <method name="createTest" signature="" line-rate="0" branch-rate="0" complexity="4">
              <lines>
                <line number="18" hits="0"/>
                <line number="20" hits="0"/>
                <line number="21" hits="0"/>
                <line number="22" hits="0"/>
                <line number="25" hits="0"/>
                <line number="26" hits="0"/>
                <line number="27" hits="0"/>
                <line number="30" hits="0"/>
                <line number="31" hits="0"/>
                <line number="32" hits="0"/>
                <line number="34" hits="0"/>
              </lines>
            </method>
            <method name="command_tests_playground_api" signature="" line-rate="0" branch-rate="0" complexity="1">
              <lines>
                <line number="49" hits="0"/>
              </lines>
            </method>
            <method name="command_tests_playground_resource" signature="" line-rate="0" branch-rate="0" complexity="8">
              <lines>
                <line number="113" hits="0"/>
                <line number="114" hits="0"/>
                <line number="116" hits="0"/>
                <line number="117" hits="0"/>
                <line number="119" hits="0"/>
                <line number="120" hits="0"/>
                <line number="121" hits="0"/>
                <line number="122" hits="0"/>
                <line number="123" hits="0"/>
                <line number="124" hits="0"/>
                <line number="125" hits="0"/>
                <line number="126" hits="0"/>
                <line number="128" hits="0"/>
                <line number="130" hits="0"/>
                <line number="131" hits="0"/>
                <line number="133" hits="0"/>
                <line number="134" hits="0"/>
                <line number="138" hits="0"/>
                <line number="139" hits="0"/>
                <line number="142" hits="0"/>
                <line number="143" hits="0"/>
                <line number="146" hits="0"/>
                <line number="153" hits="0"/>
                <line number="155" hits="0"/>
                <line number="160" hits="0"/>
              </lines>
            </method>
          </methods>
          <lines>
            <line number="18" hits="0"/>
            <line number="20" hits="0"/>
            <line number="21" hits="0"/>
            <line number="22" hits="0"/>
            <line number="25" hits="0"/>
            <line number="26" hits="0"/>
            <line number="27" hits="0"/>
            <line number="30" hits="0"/>
            <line number="31" hits="0"/>
            <line number="32" hits="0"/>
            <line number="34" hits="0"/>
            <line number="49" hits="0"/>
            <line number="113" hits="0"/>
            <line number="114" hits="0"/>
            <line number="116" hits="0"/>
            <line number="117" hits="0"/>
            <line number="119" hits="0"/>
            <line number="120" hits="0"/>
            <line number="121" hits="0"/>
            <line number="122" hits="0"/>
            <line number="123" hits="0"/>
            <line number="124" hits="0"/>
            <line number="125" hits="0"/>
            <line number="126" hits="0"/>
            <line number="128" hits="0"/>
            <line number="130" hits="0"/>
            <line number="131" hits="0"/>
            <line number="133" hits="0"/>
            <line number="134" hits="0"/>
            <line number="138" hits="0"/>
            <line number="139" hits="0"/>
            <line number="142" hits="0"/>
            <line number="143" hits="0"/>
            <line number="146" hits="0"/>
            <line number="153" hits="0"/>
            <line number="155" hits="0"/>
            <line number="160" hits="0"/>
          </lines>
        </class>
      </classes>
    </package>
    <package name="Building/MakeCommands.php" line-rate="0" branch-rate="0" complexity="30">
      <classes>
        <class name="Playground\Make\Controller\Building\MakeCommands" filename="Building/MakeCommands.php" line-rate="0" branch-rate="0" complexity="30">
          <methods>
            <method name="handle_policies" signature="array $policies" line-rate="0" branch-rate="0" complexity="7">
              <lines>
                <line number="19" hits="0"/>
                <line number="20" hits="0"/>
                <line number="21" hits="0"/>
                <line number="23" hits="0"/>
                <line number="24" hits="0"/>
                <line number="27" hits="0"/>
                <line number="29" hits="0"/>
                <line number="30" hits="0"/>
                <line number="32" hits="0"/>
                <line number="33" hits="0"/>
                <line number="37" hits="0"/>
                <line number="38" hits="0"/>
                <line number="39" hits="0"/>
              </lines>
            </method>
            <method name="handle_requests" signature="array $requests" line-rate="0" branch-rate="0" complexity="9">
              <lines>
                <line number="53" hits="0"/>
                <line number="54" hits="0"/>
                <line number="55" hits="0"/>
                <line number="57" hits="0"/>
                <line number="58" hits="0"/>
                <line number="61" hits="0"/>
                <line number="63" hits="0"/>
                <line number="64" hits="0"/>
                <line number="66" hits="0"/>
                <line number="67" hits="0"/>
                <line number="71" hits="0"/>
                <line number="72" hits="0"/>
                <line number="73" hits="0"/>
                <line number="74" hits="0"/>
              </lines>
            </method>
            <method name="handle_resources" signature="array $resources" line-rate="0" branch-rate="0" complexity="7">
              <lines>
                <line number="84" hits="0"/>
                <line number="85" hits="0"/>
                <line number="86" hits="0"/>
                <line number="88" hits="0"/>
                <line number="89" hits="0"/>
                <line number="92" hits="0"/>
                <line number="94" hits="0"/>
                <line number="95" hits="0"/>
                <line number="97" hits="0"/>
                <line number="98" hits="0"/>
                <line number="102" hits="0"/>
                <line number="103" hits="0"/>
                <line number="104" hits="0"/>
              </lines>
            </method>
            <method name="handle_transformers" signature="array $transformers" line-rate="0" branch-rate="0" complexity="7">
              <lines>
                <line number="113" hits="0"/>
                <line number="114" hits="0"/>
                <line number="115" hits="0"/>
                <line number="117" hits="0"/>
                <line number="118" hits="0"/>
                <line number="121" hits="0"/>
                <line number="123" hits="0"/>
                <line number="124" hits="0"/>
                <line number="126" hits="0"/>
                <line number="127" hits="0"/>
                <line number="131" hits="0"/>
                <line number="132" hits="0"/>
                <line number="133" hits="0"/>
              </lines>
            </method>
          </methods>
          <lines>
            <line number="19" hits="0"/>
            <line number="20" hits="0"/>
            <line number="21" hits="0"/>
            <line number="23" hits="0"/>
            <line number="24" hits="0"/>
            <line number="27" hits="0"/>
            <line number="29" hits="0"/>
            <line number="30" hits="0"/>
            <line number="32" hits="0"/>
            <line number="33" hits="0"/>
            <line number="37" hits="0"/>
            <line number="38" hits="0"/>
            <line number="39" hits="0"/>
            <line number="53" hits="0"/>
            <line number="54" hits="0"/>
            <line number="55" hits="0"/>
            <line number="57" hits="0"/>
            <line number="58" hits="0"/>
            <line number="61" hits="0"/>
            <line number="63" hits="0"/>
            <line number="64" hits="0"/>
            <line number="66" hits="0"/>
            <line number="67" hits="0"/>
            <line number="71" hits="0"/>
            <line number="72" hits="0"/>
            <line number="73" hits="0"/>
            <line number="74" hits="0"/>
            <line number="84" hits="0"/>
            <line number="85" hits="0"/>
            <line number="86" hits="0"/>
            <line number="88" hits="0"/>
            <line number="89" hits="0"/>
            <line number="92" hits="0"/>
            <line number="94" hits="0"/>
            <line number="95" hits="0"/>
            <line number="97" hits="0"/>
            <line number="98" hits="0"/>
            <line number="102" hits="0"/>
            <line number="103" hits="0"/>
            <line number="104" hits="0"/>
            <line number="113" hits="0"/>
            <line number="114" hits="0"/>
            <line number="115" hits="0"/>
            <line number="117" hits="0"/>
            <line number="118" hits="0"/>
            <line number="121" hits="0"/>
            <line number="123" hits="0"/>
            <line number="124" hits="0"/>
            <line number="126" hits="0"/>
            <line number="127" hits="0"/>
            <line number="131" hits="0"/>
            <line number="132" hits="0"/>
            <line number="133" hits="0"/>
          </lines>
        </class>
      </classes>
    </package>
    <package name="Building/Policy/BuildRevisions.php" line-rate="0" branch-rate="0" complexity="2">
      <classes>
        <class name="Playground\Make\Controller\Building\Policy\BuildRevisions" filename="Building/Policy/BuildRevisions.php" line-rate="0" branch-rate="0" complexity="2">
          <methods>
            <method name="make_revision_handling" signature="" line-rate="0" branch-rate="0" complexity="2">
              <lines>
                <line number="18" hits="0"/>
                <line number="19" hits="0"/>
                <line number="20" hits="0"/>
                <line number="22" hits="0"/>
                <line number="24" hits="0"/>
                <line number="25" hits="0"/>
                <line number="26" hits="0"/>
                <line number="31" hits="0"/>
                <line number="32" hits="0"/>
                <line number="33" hits="0"/>
                <line number="35" hits="0"/>
                <line number="37" hits="0"/>
                <line number="38" hits="0"/>
                <line number="49" hits="0"/>
                <line number="55" hits="0"/>
                <line number="57" hits="0"/>
                <line number="61" hits="0"/>
              </lines>
            </method>
          </methods>
          <lines>
            <line number="18" hits="0"/>
            <line number="19" hits="0"/>
            <line number="20" hits="0"/>
            <line number="22" hits="0"/>
            <line number="24" hits="0"/>
            <line number="25" hits="0"/>
            <line number="26" hits="0"/>
            <line number="31" hits="0"/>
            <line number="32" hits="0"/>
            <line number="33" hits="0"/>
            <line number="35" hits="0"/>
            <line number="37" hits="0"/>
            <line number="38" hits="0"/>
            <line number="49" hits="0"/>
            <line number="55" hits="0"/>
            <line number="57" hits="0"/>
            <line number="61" hits="0"/>
          </lines>
        </class>
      </classes>
    </package>
    <package name="Building/Policy/BuildRoles.php" line-rate="1" branch-rate="0" complexity="8">
      <classes>
        <class name="Playground\Make\Controller\Building\Policy\BuildRoles" filename="Building/Policy/BuildRoles.php" line-rate="1" branch-rate="0" complexity="8">
          <methods>
            <method name="make_roles_to_view" signature="array $searches" line-rate="1" branch-rate="0" complexity="4">
              <lines>
                <line number="19" hits="10"/>
                <line number="21" hits="10"/>
                <line number="23" hits="10"/>
                <line number="24" hits="10"/>
                <line number="25" hits="4"/>
                <line number="26" hits="4"/>
                <line number="27" hits="4"/>
                <line number="28" hits="4"/>
                <line number="29" hits="4"/>
                <line number="30" hits="4"/>
                <line number="31" hits="4"/>
                <line number="36" hits="10"/>
                <line number="37" hits="4"/>
                <line number="38" hits="4"/>
                <line number="39" hits="4"/>
                <line number="40" hits="4"/>
                <line number="41" hits="4"/>
                <line number="42" hits="4"/>
                <line number="44" hits="6"/>
                <line number="47" hits="10"/>
              </lines>
            </method>
            <method name="make_roles_for_action" signature="array $searches" line-rate="1" branch-rate="0" complexity="4">
              <lines>
                <line number="55" hits="10"/>
                <line number="57" hits="10"/>
                <line number="59" hits="10"/>
                <line number="60" hits="10"/>
                <line number="61" hits="4"/>
                <line number="62" hits="4"/>
                <line number="63" hits="4"/>
                <line number="64" hits="4"/>
                <line number="65" hits="4"/>
                <line number="66" hits="4"/>
                <line number="67" hits="4"/>
                <line number="72" hits="10"/>
                <line number="73" hits="4"/>
                <line number="74" hits="4"/>
                <line number="75" hits="4"/>
                <line number="76" hits="4"/>
                <line number="77" hits="4"/>
                <line number="78" hits="4"/>
                <line number="80" hits="6"/>
                <line number="83" hits="10"/>
              </lines>
            </method>
          </methods>
          <lines>
            <line number="19" hits="10"/>
            <line number="21" hits="10"/>
            <line number="23" hits="10"/>
            <line number="24" hits="10"/>
            <line number="25" hits="4"/>
            <line number="26" hits="4"/>
            <line number="27" hits="4"/>
            <line number="28" hits="4"/>
            <line number="29" hits="4"/>
            <line number="30" hits="4"/>
            <line number="31" hits="4"/>
            <line number="36" hits="10"/>
            <line number="37" hits="4"/>
            <line number="38" hits="4"/>
            <line number="39" hits="4"/>
            <line number="40" hits="4"/>
            <line number="41" hits="4"/>
            <line number="42" hits="4"/>
            <line number="44" hits="6"/>
            <line number="47" hits="10"/>
            <line number="55" hits="10"/>
            <line number="57" hits="10"/>
            <line number="59" hits="10"/>
            <line number="60" hits="10"/>
            <line number="61" hits="4"/>
            <line number="62" hits="4"/>
            <line number="63" hits="4"/>
            <line number="64" hits="4"/>
            <line number="65" hits="4"/>
            <line number="66" hits="4"/>
            <line number="67" hits="4"/>
            <line number="72" hits="10"/>
            <line number="73" hits="4"/>
            <line number="74" hits="4"/>
            <line number="75" hits="4"/>
            <line number="76" hits="4"/>
            <line number="77" hits="4"/>
            <line number="78" hits="4"/>
            <line number="80" hits="6"/>
            <line number="83" hits="10"/>
          </lines>
        </class>
      </classes>
    </package>
    <package name="Building/Request/BuildIndex.php" line-rate="0.82075471698113" branch-rate="0" complexity="48">
      <classes>
        <class name="Playground\Make\Controller\Building\Request\BuildIndex" filename="Building/Request/BuildIndex.php" line-rate="0.82075471698113" branch-rate="0" complexity="48">
          <methods>
            <method name="buildClass_index" signature="string $name" line-rate="1" branch-rate="0" complexity="5">
              <lines>
                <line number="124" hits="8"/>
                <line number="125" hits="8"/>
                <line number="126" hits="8"/>
                <line number="127" hits="8"/>
                <line number="129" hits="8"/>
                <line number="133" hits="8"/>
                <line number="134" hits="8"/>
                <line number="135" hits="8"/>
                <line number="136" hits="5"/>
                <line number="158" hits="4"/>
                <line number="160" hits="4"/>
                <line number="161" hits="1"/>
                <line number="162" hits="1"/>
                <line number="163" hits="1"/>
                <line number="164" hits="1"/>
                <line number="167" hits="4"/>
                <line number="173" hits="8"/>
                <line number="174" hits="8"/>
                <line number="175" hits="8"/>
                <line number="176" hits="3"/>
                <line number="177" hits="3"/>
                <line number="178" hits="3"/>
                <line number="179" hits="3"/>
              </lines>
            </method>
            <method name="buildClass_index_dates" signature="Playground\Make\Configuration\Model\Filters $filters" line-rate="0.75757575757576" branch-rate="0" complexity="7">
              <lines>
                <line number="253" hits="1"/>
                <line number="254" hits="1"/>
                <line number="255" hits="0"/>
                <line number="258" hits="1"/>
                <line number="260" hits="1"/>
                <line number="261" hits="0"/>
                <line number="268" hits="1"/>
                <line number="270" hits="1"/>
                <line number="271" hits="1"/>
                <line number="272" hits="0"/>
                <line number="273" hits="0"/>
                <line number="274" hits="0"/>
                <line number="275" hits="0"/>
                <line number="276" hits="0"/>
                <line number="278" hits="0"/>
                <line number="281" hits="1"/>
                <line number="283" hits="1"/>
                <line number="284" hits="1"/>
                <line number="285" hits="1"/>
                <line number="297" hits="1"/>
                <line number="299" hits="1"/>
                <line number="300" hits="1"/>
                <line number="301" hits="1"/>
                <line number="302" hits="1"/>
                <line number="303" hits="1"/>
                <line number="304" hits="1"/>
                <line number="306" hits="1"/>
                <line number="309" hits="1"/>
                <line number="311" hits="1"/>
                <line number="312" hits="1"/>
                <line number="315" hits="1"/>
                <line number="316" hits="1"/>
                <line number="326" hits="1"/>
              </lines>
            </method>
            <method name="buildClass_index_flags" signature="Playground\Make\Configuration\Model\Filters $filters" line-rate="0.76315789473684" branch-rate="0" complexity="10">
              <lines>
                <line number="338" hits="1"/>
                <line number="339" hits="1"/>
                <line number="340" hits="0"/>
                <line number="343" hits="1"/>
                <line number="345" hits="1"/>
                <line number="347" hits="1"/>
                <line number="348" hits="1"/>
                <line number="349" hits="0"/>
                <line number="350" hits="0"/>
                <line number="351" hits="0"/>
                <line number="352" hits="0"/>
                <line number="353" hits="0"/>
                <line number="355" hits="0"/>
                <line number="358" hits="1"/>
                <line number="360" hits="1"/>
                <line number="361" hits="1"/>
                <line number="362" hits="0"/>
                <line number="365" hits="1"/>
                <line number="366" hits="1"/>
                <line number="367" hits="1"/>
                <line number="368" hits="1"/>
                <line number="369" hits="1"/>
                <line number="371" hits="0"/>
                <line number="374" hits="1"/>
                <line number="375" hits="1"/>
                <line number="376" hits="1"/>
                <line number="377" hits="1"/>
                <line number="378" hits="1"/>
                <line number="379" hits="1"/>
                <line number="381" hits="1"/>
                <line number="384" hits="1"/>
                <line number="386" hits="1"/>
                <line number="387" hits="1"/>
                <line number="394" hits="1"/>
                <line number="395" hits="1"/>
                <line number="398" hits="1"/>
                <line number="399" hits="1"/>
                <line number="401" hits="1"/>
              </lines>
            </method>
            <method name="buildClass_index_ids" signature="Playground\Make\Configuration\Model\Filters $filters" line-rate="0.78787878787879" branch-rate="0" complexity="8">
              <lines>
                <line number="413" hits="1"/>
                <line number="414" hits="1"/>
                <line number="415" hits="0"/>
                <line number="418" hits="1"/>
                <line number="420" hits="1"/>
                <line number="421" hits="1"/>
                <line number="424" hits="1"/>
                <line number="426" hits="1"/>
                <line number="427" hits="1"/>
                <line number="428" hits="0"/>
                <line number="429" hits="0"/>
                <line number="430" hits="0"/>
                <line number="431" hits="0"/>
                <line number="432" hits="0"/>
                <line number="434" hits="0"/>
                <line number="437" hits="1"/>
                <line number="439" hits="1"/>
                <line number="440" hits="1"/>
                <line number="441" hits="1"/>
                <line number="444" hits="1"/>
                <line number="445" hits="1"/>
                <line number="446" hits="1"/>
                <line number="447" hits="1"/>
                <line number="448" hits="1"/>
                <line number="449" hits="1"/>
                <line number="450" hits="1"/>
                <line number="452" hits="1"/>
                <line number="455" hits="1"/>
                <line number="457" hits="1"/>
                <line number="458" hits="1"/>
                <line number="461" hits="1"/>
                <line number="462" hits="1"/>
                <line number="468" hits="1"/>
              </lines>
            </method>
            <method name="buildClass_index_columns" signature="Playground\Make\Configuration\Model\Filters $filters" line-rate="0.78787878787879" branch-rate="0" complexity="8">
              <lines>
                <line number="480" hits="1"/>
                <line number="481" hits="1"/>
                <line number="482" hits="0"/>
                <line number="485" hits="1"/>
                <line number="487" hits="1"/>
                <line number="488" hits="1"/>
                <line number="491" hits="1"/>
                <line number="493" hits="1"/>
                <line number="494" hits="1"/>
                <line number="495" hits="0"/>
                <line number="496" hits="0"/>
                <line number="497" hits="0"/>
                <line number="498" hits="0"/>
                <line number="499" hits="0"/>
                <line number="501" hits="0"/>
                <line number="504" hits="1"/>
                <line number="506" hits="1"/>
                <line number="507" hits="1"/>
                <line number="508" hits="1"/>
                <line number="511" hits="1"/>
                <line number="512" hits="1"/>
                <line number="513" hits="1"/>
                <line number="514" hits="1"/>
                <line number="515" hits="1"/>
                <line number="516" hits="1"/>
                <line number="517" hits="1"/>
                <line number="519" hits="1"/>
                <line number="522" hits="1"/>
                <line number="524" hits="1"/>
                <line number="525" hits="1"/>
                <line number="528" hits="1"/>
                <line number="529" hits="1"/>
                <line number="535" hits="1"/>
              </lines>
            </method>
            <method name="buildClass_index_sortable" signature="" line-rate="0.86538461538462" branch-rate="0" complexity="10">
              <lines>
                <line number="547" hits="4"/>
                <line number="554" hits="4"/>
                <line number="555" hits="3"/>
                <line number="558" hits="1"/>
                <line number="560" hits="1"/>
                <line number="561" hits="1"/>
                <line number="564" hits="1"/>
                <line number="566" hits="1"/>
                <line number="567" hits="1"/>
                <line number="568" hits="0"/>
                <line number="569" hits="0"/>
                <line number="570" hits="0"/>
                <line number="571" hits="0"/>
                <line number="572" hits="0"/>
                <line number="574" hits="0"/>
                <line number="577" hits="1"/>
                <line number="579" hits="1"/>
                <line number="580" hits="1"/>
                <line number="581" hits="1"/>
                <line number="584" hits="1"/>
                <line number="586" hits="1"/>
                <line number="587" hits="1"/>
                <line number="588" hits="1"/>
                <line number="589" hits="1"/>
                <line number="590" hits="1"/>
                <line number="591" hits="1"/>
                <line number="592" hits="1"/>
                <line number="593" hits="1"/>
                <line number="594" hits="1"/>
                <line number="595" hits="1"/>
                <line number="596" hits="1"/>
                <line number="597" hits="1"/>
                <line number="598" hits="0"/>
                <line number="599" hits="1"/>
                <line number="600" hits="1"/>
                <line number="601" hits="1"/>
                <line number="602" hits="1"/>
                <line number="603" hits="1"/>
                <line number="604" hits="1"/>
                <line number="605" hits="1"/>
                <line number="608" hits="1"/>
                <line number="609" hits="1"/>
                <line number="610" hits="1"/>
                <line number="611" hits="1"/>
                <line number="612" hits="1"/>
                <line number="613" hits="1"/>
                <line number="615" hits="1"/>
                <line number="618" hits="1"/>
                <line number="620" hits="1"/>
                <line number="621" hits="1"/>
                <line number="624" hits="1"/>
                <line number="625" hits="1"/>
              </lines>
            </method>
          </methods>
          <lines>
            <line number="124" hits="8"/>
            <line number="125" hits="8"/>
            <line number="126" hits="8"/>
            <line number="127" hits="8"/>
            <line number="129" hits="8"/>
            <line number="133" hits="8"/>
            <line number="134" hits="8"/>
            <line number="135" hits="8"/>
            <line number="136" hits="5"/>
            <line number="158" hits="4"/>
            <line number="160" hits="4"/>
            <line number="161" hits="1"/>
            <line number="162" hits="1"/>
            <line number="163" hits="1"/>
            <line number="164" hits="1"/>
            <line number="167" hits="4"/>
            <line number="173" hits="8"/>
            <line number="174" hits="8"/>
            <line number="175" hits="8"/>
            <line number="176" hits="3"/>
            <line number="177" hits="3"/>
            <line number="178" hits="3"/>
            <line number="179" hits="3"/>
            <line number="253" hits="1"/>
            <line number="254" hits="1"/>
            <line number="255" hits="0"/>
            <line number="258" hits="1"/>
            <line number="260" hits="1"/>
            <line number="261" hits="0"/>
            <line number="268" hits="1"/>
            <line number="270" hits="1"/>
            <line number="271" hits="1"/>
            <line number="272" hits="0"/>
            <line number="273" hits="0"/>
            <line number="274" hits="0"/>
            <line number="275" hits="0"/>
            <line number="276" hits="0"/>
            <line number="278" hits="0"/>
            <line number="281" hits="1"/>
            <line number="283" hits="1"/>
            <line number="284" hits="1"/>
            <line number="285" hits="1"/>
            <line number="297" hits="1"/>
            <line number="299" hits="1"/>
            <line number="300" hits="1"/>
            <line number="301" hits="1"/>
            <line number="302" hits="1"/>
            <line number="303" hits="1"/>
            <line number="304" hits="1"/>
            <line number="306" hits="1"/>
            <line number="309" hits="1"/>
            <line number="311" hits="1"/>
            <line number="312" hits="1"/>
            <line number="315" hits="1"/>
            <line number="316" hits="1"/>
            <line number="326" hits="1"/>
            <line number="338" hits="1"/>
            <line number="339" hits="1"/>
            <line number="340" hits="0"/>
            <line number="343" hits="1"/>
            <line number="345" hits="1"/>
            <line number="347" hits="1"/>
            <line number="348" hits="1"/>
            <line number="349" hits="0"/>
            <line number="350" hits="0"/>
            <line number="351" hits="0"/>
            <line number="352" hits="0"/>
            <line number="353" hits="0"/>
            <line number="355" hits="0"/>
            <line number="358" hits="1"/>
            <line number="360" hits="1"/>
            <line number="361" hits="1"/>
            <line number="362" hits="0"/>
            <line number="365" hits="1"/>
            <line number="366" hits="1"/>
            <line number="367" hits="1"/>
            <line number="368" hits="1"/>
            <line number="369" hits="1"/>
            <line number="371" hits="0"/>
            <line number="374" hits="1"/>
            <line number="375" hits="1"/>
            <line number="376" hits="1"/>
            <line number="377" hits="1"/>
            <line number="378" hits="1"/>
            <line number="379" hits="1"/>
            <line number="381" hits="1"/>
            <line number="384" hits="1"/>
            <line number="386" hits="1"/>
            <line number="387" hits="1"/>
            <line number="394" hits="1"/>
            <line number="395" hits="1"/>
            <line number="398" hits="1"/>
            <line number="399" hits="1"/>
            <line number="401" hits="1"/>
            <line number="413" hits="1"/>
            <line number="414" hits="1"/>
            <line number="415" hits="0"/>
            <line number="418" hits="1"/>
            <line number="420" hits="1"/>
            <line number="421" hits="1"/>
            <line number="424" hits="1"/>
            <line number="426" hits="1"/>
            <line number="427" hits="1"/>
            <line number="428" hits="0"/>
            <line number="429" hits="0"/>
            <line number="430" hits="0"/>
            <line number="431" hits="0"/>
            <line number="432" hits="0"/>
            <line number="434" hits="0"/>
            <line number="437" hits="1"/>
            <line number="439" hits="1"/>
            <line number="440" hits="1"/>
            <line number="441" hits="1"/>
            <line number="444" hits="1"/>
            <line number="445" hits="1"/>
            <line number="446" hits="1"/>
            <line number="447" hits="1"/>
            <line number="448" hits="1"/>
            <line number="449" hits="1"/>
            <line number="450" hits="1"/>
            <line number="452" hits="1"/>
            <line number="455" hits="1"/>
            <line number="457" hits="1"/>
            <line number="458" hits="1"/>
            <line number="461" hits="1"/>
            <line number="462" hits="1"/>
            <line number="468" hits="1"/>
            <line number="480" hits="1"/>
            <line number="481" hits="1"/>
            <line number="482" hits="0"/>
            <line number="485" hits="1"/>
            <line number="487" hits="1"/>
            <line number="488" hits="1"/>
            <line number="491" hits="1"/>
            <line number="493" hits="1"/>
            <line number="494" hits="1"/>
            <line number="495" hits="0"/>
            <line number="496" hits="0"/>
            <line number="497" hits="0"/>
            <line number="498" hits="0"/>
            <line number="499" hits="0"/>
            <line number="501" hits="0"/>
            <line number="504" hits="1"/>
            <line number="506" hits="1"/>
            <line number="507" hits="1"/>
            <line number="508" hits="1"/>
            <line number="511" hits="1"/>
            <line number="512" hits="1"/>
            <line number="513" hits="1"/>
            <line number="514" hits="1"/>
            <line number="515" hits="1"/>
            <line number="516" hits="1"/>
            <line number="517" hits="1"/>
            <line number="519" hits="1"/>
            <line number="522" hits="1"/>
            <line number="524" hits="1"/>
            <line number="525" hits="1"/>
            <line number="528" hits="1"/>
            <line number="529" hits="1"/>
            <line number="535" hits="1"/>
            <line number="547" hits="4"/>
            <line number="554" hits="4"/>
            <line number="555" hits="3"/>
            <line number="558" hits="1"/>
            <line number="560" hits="1"/>
            <line number="561" hits="1"/>
            <line number="564" hits="1"/>
            <line number="566" hits="1"/>
            <line number="567" hits="1"/>
            <line number="568" hits="0"/>
            <line number="569" hits="0"/>
            <line number="570" hits="0"/>
            <line number="571" hits="0"/>
            <line number="572" hits="0"/>
            <line number="574" hits="0"/>
            <line number="577" hits="1"/>
            <line number="579" hits="1"/>
            <line number="580" hits="1"/>
            <line number="581" hits="1"/>
            <line number="584" hits="1"/>
            <line number="586" hits="1"/>
            <line number="587" hits="1"/>
            <line number="588" hits="1"/>
            <line number="589" hits="1"/>
            <line number="590" hits="1"/>
            <line number="591" hits="1"/>
            <line number="592" hits="1"/>
            <line number="593" hits="1"/>
            <line number="594" hits="1"/>
            <line number="595" hits="1"/>
            <line number="596" hits="1"/>
            <line number="597" hits="1"/>
            <line number="598" hits="0"/>
            <line number="599" hits="1"/>
            <line number="600" hits="1"/>
            <line number="601" hits="1"/>
            <line number="602" hits="1"/>
            <line number="603" hits="1"/>
            <line number="604" hits="1"/>
            <line number="605" hits="1"/>
            <line number="608" hits="1"/>
            <line number="609" hits="1"/>
            <line number="610" hits="1"/>
            <line number="611" hits="1"/>
            <line number="612" hits="1"/>
            <line number="613" hits="1"/>
            <line number="615" hits="1"/>
            <line number="618" hits="1"/>
            <line number="620" hits="1"/>
            <line number="621" hits="1"/>
            <line number="624" hits="1"/>
            <line number="625" hits="1"/>
          </lines>
        </class>
      </classes>
    </package>
    <package name="Building/Request/BuildRequest.php" line-rate="0.87150837988827" branch-rate="0" complexity="47">
      <classes>
        <class name="Playground\Make\Controller\Building\Request\BuildRequest" filename="Building/Request/BuildRequest.php" line-rate="0.87150837988827" branch-rate="0" complexity="47">
          <methods>
            <method name="buildClass_form" signature="string $name" line-rate="1" branch-rate="0" complexity="15">
              <lines>
                <line number="51" hits="28"/>
                <line number="53" hits="28"/>
                <line number="54" hits="28"/>
                <line number="55" hits="28"/>
                <line number="56" hits="28"/>
                <line number="57" hits="28"/>
                <line number="70" hits="28"/>
                <line number="71" hits="28"/>
                <line number="72" hits="28"/>
                <line number="73" hits="28"/>
                <line number="74" hits="28"/>
                <line number="79" hits="27"/>
                <line number="80" hits="27"/>
                <line number="81" hits="27"/>
                <line number="86" hits="25"/>
                <line number="87" hits="25"/>
                <line number="88" hits="25"/>
                <line number="93" hits="25"/>
                <line number="94" hits="25"/>
                <line number="95" hits="25"/>
                <line number="100" hits="25"/>
                <line number="101" hits="25"/>
                <line number="102" hits="25"/>
                <line number="107" hits="25"/>
                <line number="108" hits="25"/>
                <line number="109" hits="25"/>
                <line number="114" hits="25"/>
                <line number="115" hits="25"/>
                <line number="116" hits="25"/>
                <line number="117" hits="2"/>
                <line number="118" hits="2"/>
                <line number="119" hits="2"/>
                <line number="120" hits="2"/>
                <line number="125" hits="23"/>
                <line number="126" hits="23"/>
                <line number="127" hits="23"/>
                <line number="132" hits="23"/>
                <line number="133" hits="23"/>
                <line number="134" hits="23"/>
                <line number="135" hits="2"/>
                <line number="136" hits="2"/>
                <line number="137" hits="2"/>
                <line number="138" hits="2"/>
                <line number="143" hits="21"/>
                <line number="144" hits="21"/>
                <line number="145" hits="21"/>
                <line number="146" hits="5"/>
                <line number="147" hits="5"/>
                <line number="152" hits="16"/>
                <line number="153" hits="16"/>
                <line number="154" hits="16"/>
                <line number="155" hits="16"/>
                <line number="161" hits="8"/>
                <line number="162" hits="8"/>
                <line number="165" hits="28"/>
                <line number="166" hits="28"/>
                <line number="167" hits="28"/>
                <line number="168" hits="28"/>
                <line number="169" hits="28"/>
                <line number="170" hits="28"/>
                <line number="172" hits="28"/>
                <line number="174" hits="28"/>
                <line number="175" hits="28"/>
                <line number="177" hits="28"/>
                <line number="183" hits="28"/>
                <line number="184" hits="2"/>
                <line number="187" hits="28"/>
                <line number="188" hits="4"/>
                <line number="191" hits="28"/>
                <line number="192" hits="4"/>
              </lines>
            </method>
            <method name="buildClass_rules_constant" signature="Playground\Make\Configuration\Model $model" line-rate="0.95833333333333" branch-rate="0" complexity="5">
              <lines>
                <line number="235" hits="2"/>
                <line number="237" hits="2"/>
                <line number="239" hits="2"/>
                <line number="246" hits="2"/>
                <line number="247" hits="2"/>
                <line number="248" hits="2"/>
                <line number="249" hits="2"/>
                <line number="250" hits="2"/>
                <line number="251" hits="2"/>
                <line number="253" hits="1"/>
                <line number="254" hits="1"/>
                <line number="255" hits="1"/>
                <line number="256" hits="1"/>
                <line number="257" hits="1"/>
                <line number="260" hits="2"/>
                <line number="261" hits="2"/>
                <line number="262" hits="0"/>
                <line number="265" hits="2"/>
                <line number="266" hits="1"/>
                <line number="269" hits="1"/>
                <line number="275" hits="1"/>
                <line number="276" hits="1"/>
                <line number="279" hits="1"/>
                <line number="280" hits="1"/>
              </lines>
            </method>
            <method name="buildClass_rules_constant_for_return_url" signature="int $indent" line-rate="1" branch-rate="0" complexity="2">
              <lines>
                <line number="289" hits="2"/>
                <line number="290" hits="2"/>
                <line number="291" hits="2"/>
                <line number="292" hits="2"/>
                <line number="293" hits="2"/>
                <line number="294" hits="2"/>
                <line number="295" hits="2"/>
                <line number="296" hits="2"/>
                <line number="297" hits="2"/>
                <line number="298" hits="2"/>
                <line number="299" hits="1"/>
                <line number="302" hits="1"/>
                <line number="304" hits="1"/>
                <line number="306" hits="1"/>
                <line number="308" hits="1"/>
              </lines>
            </method>
            <method name="buildClass_rules_constant_for_only_fillable" signature="Playground\Make\Configuration\Model $model, int $indent" line-rate="0.71698113207547" branch-rate="0" complexity="20">
              <lines>
                <line number="316" hits="1"/>
                <line number="318" hits="1"/>
                <line number="320" hits="1"/>
                <line number="322" hits="1"/>
                <line number="324" hits="0"/>
                <line number="325" hits="0"/>
                <line number="326" hits="0"/>
                <line number="327" hits="0"/>
                <line number="328" hits="0"/>
                <line number="332" hits="1"/>
                <line number="339" hits="1"/>
                <line number="340" hits="0"/>
                <line number="341" hits="0"/>
                <line number="342" hits="0"/>
                <line number="343" hits="0"/>
                <line number="344" hits="0"/>
                <line number="346" hits="0"/>
                <line number="349" hits="1"/>
                <line number="351" hits="1"/>
                <line number="353" hits="1"/>
                <line number="354" hits="1"/>
                <line number="355" hits="1"/>
                <line number="356" hits="1"/>
                <line number="358" hits="1"/>
                <line number="359" hits="1"/>
                <line number="360" hits="1"/>
                <line number="361" hits="1"/>
                <line number="362" hits="1"/>
                <line number="367" hits="1"/>
                <line number="368" hits="1"/>
                <line number="370" hits="1"/>
                <line number="373" hits="1"/>
                <line number="376" hits="1"/>
                <line number="377" hits="1"/>
                <line number="378" hits="1"/>
                <line number="379" hits="1"/>
                <line number="380" hits="0"/>
                <line number="383" hits="1"/>
                <line number="384" hits="1"/>
                <line number="385" hits="1"/>
                <line number="387" hits="1"/>
                <line number="390" hits="1"/>
                <line number="391" hits="0"/>
                <line number="392" hits="0"/>
                <line number="394" hits="0"/>
                <line number="397" hits="1"/>
                <line number="399" hits="1"/>
                <line number="400" hits="1"/>
                <line number="401" hits="1"/>
                <line number="402" hits="1"/>
                <line number="403" hits="1"/>
                <line number="405" hits="1"/>
                <line number="413" hits="1"/>
              </lines>
            </method>
            <method name="buildClass_slug_table" signature="" line-rate="0.36363636363636" branch-rate="0" complexity="4">
              <lines>
                <line number="424" hits="4"/>
                <line number="425" hits="4"/>
                <line number="426" hits="4"/>
                <line number="427" hits="4"/>
                <line number="428" hits="0"/>
                <line number="429" hits="0"/>
                <line number="431" hits="0"/>
                <line number="432" hits="0"/>
                <line number="433" hits="0"/>
                <line number="434" hits="0"/>
                <line number="435" hits="0"/>
              </lines>
            </method>
            <method name="buildClass_rules_revision" signature="" line-rate="1" branch-rate="0" complexity="1">
              <lines>
                <line number="441" hits="4"/>
                <line number="443" hits="4"/>
                <line number="445" hits="4"/>
                <line number="446" hits="4"/>
                <line number="458" hits="4"/>
                <line number="466" hits="4"/>
              </lines>
            </method>
          </methods>
          <lines>
            <line number="51" hits="28"/>
            <line number="53" hits="28"/>
            <line number="54" hits="28"/>
            <line number="55" hits="28"/>
            <line number="56" hits="28"/>
            <line number="57" hits="28"/>
            <line number="70" hits="28"/>
            <line number="71" hits="28"/>
            <line number="72" hits="28"/>
            <line number="73" hits="28"/>
            <line number="74" hits="28"/>
            <line number="79" hits="27"/>
            <line number="80" hits="27"/>
            <line number="81" hits="27"/>
            <line number="86" hits="25"/>
            <line number="87" hits="25"/>
            <line number="88" hits="25"/>
            <line number="93" hits="25"/>
            <line number="94" hits="25"/>
            <line number="95" hits="25"/>
            <line number="100" hits="25"/>
            <line number="101" hits="25"/>
            <line number="102" hits="25"/>
            <line number="107" hits="25"/>
            <line number="108" hits="25"/>
            <line number="109" hits="25"/>
            <line number="114" hits="25"/>
            <line number="115" hits="25"/>
            <line number="116" hits="25"/>
            <line number="117" hits="2"/>
            <line number="118" hits="2"/>
            <line number="119" hits="2"/>
            <line number="120" hits="2"/>
            <line number="125" hits="23"/>
            <line number="126" hits="23"/>
            <line number="127" hits="23"/>
            <line number="132" hits="23"/>
            <line number="133" hits="23"/>
            <line number="134" hits="23"/>
            <line number="135" hits="2"/>
            <line number="136" hits="2"/>
            <line number="137" hits="2"/>
            <line number="138" hits="2"/>
            <line number="143" hits="21"/>
            <line number="144" hits="21"/>
            <line number="145" hits="21"/>
            <line number="146" hits="5"/>
            <line number="147" hits="5"/>
            <line number="152" hits="16"/>
            <line number="153" hits="16"/>
            <line number="154" hits="16"/>
            <line number="155" hits="16"/>
            <line number="161" hits="8"/>
            <line number="162" hits="8"/>
            <line number="165" hits="28"/>
            <line number="166" hits="28"/>
            <line number="167" hits="28"/>
            <line number="168" hits="28"/>
            <line number="169" hits="28"/>
            <line number="170" hits="28"/>
            <line number="172" hits="28"/>
            <line number="174" hits="28"/>
            <line number="175" hits="28"/>
            <line number="177" hits="28"/>
            <line number="183" hits="28"/>
            <line number="184" hits="2"/>
            <line number="187" hits="28"/>
            <line number="188" hits="4"/>
            <line number="191" hits="28"/>
            <line number="192" hits="4"/>
            <line number="235" hits="2"/>
            <line number="237" hits="2"/>
            <line number="239" hits="2"/>
            <line number="246" hits="2"/>
            <line number="247" hits="2"/>
            <line number="248" hits="2"/>
            <line number="249" hits="2"/>
            <line number="250" hits="2"/>
            <line number="251" hits="2"/>
            <line number="253" hits="1"/>
            <line number="254" hits="1"/>
            <line number="255" hits="1"/>
            <line number="256" hits="1"/>
            <line number="257" hits="1"/>
            <line number="260" hits="2"/>
            <line number="261" hits="2"/>
            <line number="262" hits="0"/>
            <line number="265" hits="2"/>
            <line number="266" hits="1"/>
            <line number="269" hits="1"/>
            <line number="275" hits="1"/>
            <line number="276" hits="1"/>
            <line number="279" hits="1"/>
            <line number="280" hits="1"/>
            <line number="289" hits="2"/>
            <line number="290" hits="2"/>
            <line number="291" hits="2"/>
            <line number="292" hits="2"/>
            <line number="293" hits="2"/>
            <line number="294" hits="2"/>
            <line number="295" hits="2"/>
            <line number="296" hits="2"/>
            <line number="297" hits="2"/>
            <line number="298" hits="2"/>
            <line number="299" hits="1"/>
            <line number="302" hits="1"/>
            <line number="304" hits="1"/>
            <line number="306" hits="1"/>
            <line number="308" hits="1"/>
            <line number="316" hits="1"/>
            <line number="318" hits="1"/>
            <line number="320" hits="1"/>
            <line number="322" hits="1"/>
            <line number="324" hits="0"/>
            <line number="325" hits="0"/>
            <line number="326" hits="0"/>
            <line number="327" hits="0"/>
            <line number="328" hits="0"/>
            <line number="332" hits="1"/>
            <line number="339" hits="1"/>
            <line number="340" hits="0"/>
            <line number="341" hits="0"/>
            <line number="342" hits="0"/>
            <line number="343" hits="0"/>
            <line number="344" hits="0"/>
            <line number="346" hits="0"/>
            <line number="349" hits="1"/>
            <line number="351" hits="1"/>
            <line number="353" hits="1"/>
            <line number="354" hits="1"/>
            <line number="355" hits="1"/>
            <line number="356" hits="1"/>
            <line number="358" hits="1"/>
            <line number="359" hits="1"/>
            <line number="360" hits="1"/>
            <line number="361" hits="1"/>
            <line number="362" hits="1"/>
            <line number="367" hits="1"/>
            <line number="368" hits="1"/>
            <line number="370" hits="1"/>
            <line number="373" hits="1"/>
            <line number="376" hits="1"/>
            <line number="377" hits="1"/>
            <line number="378" hits="1"/>
            <line number="379" hits="1"/>
            <line number="380" hits="0"/>
            <line number="383" hits="1"/>
            <line number="384" hits="1"/>
            <line number="385" hits="1"/>
            <line number="387" hits="1"/>
            <line number="390" hits="1"/>
            <line number="391" hits="0"/>
            <line number="392" hits="0"/>
            <line number="394" hits="0"/>
            <line number="397" hits="1"/>
            <line number="399" hits="1"/>
            <line number="400" hits="1"/>
            <line number="401" hits="1"/>
            <line number="402" hits="1"/>
            <line number="403" hits="1"/>
            <line number="405" hits="1"/>
            <line number="413" hits="1"/>
            <line number="424" hits="4"/>
            <line number="425" hits="4"/>
            <line number="426" hits="4"/>
            <line number="427" hits="4"/>
            <line number="428" hits="0"/>
            <line number="429" hits="0"/>
            <line number="431" hits="0"/>
            <line number="432" hits="0"/>
            <line number="433" hits="0"/>
            <line number="434" hits="0"/>
            <line number="435" hits="0"/>
            <line number="441" hits="4"/>
            <line number="443" hits="4"/>
            <line number="445" hits="4"/>
            <line number="446" hits="4"/>
            <line number="458" hits="4"/>
            <line number="466" hits="4"/>
          </lines>
        </class>
      </classes>
    </package>
    <package name="Building/Skeletons/BuildBlades.php" line-rate="0.93877551020408" branch-rate="0" complexity="24">
      <classes>
        <class name="Playground\Make\Controller\Building\Skeletons\BuildBlades" filename="Building/Skeletons/BuildBlades.php" line-rate="0.93877551020408" branch-rate="0" complexity="24">
          <methods>
            <method name="skeleton_blades" signature="string $type" line-rate="0.93877551020408" branch-rate="0" complexity="24">
              <lines>
                <line number="18" hits="2"/>
                <line number="19" hits="2"/>
                <line number="20" hits="2"/>
                <line number="21" hits="2"/>
                <line number="27" hits="1"/>
                <line number="30" hits="1"/>
                <line number="31" hits="1"/>
                <line number="32" hits="1"/>
                <line number="33" hits="1"/>
                <line number="34" hits="1"/>
                <line number="35" hits="1"/>
                <line number="36" hits="1"/>
                <line number="38" hits="1"/>
                <line number="39" hits="1"/>
                <line number="42" hits="1"/>
                <line number="43" hits="1"/>
                <line number="46" hits="1"/>
                <line number="47" hits="1"/>
                <line number="50" hits="1"/>
                <line number="51" hits="1"/>
                <line number="54" hits="1"/>
                <line number="55" hits="1"/>
                <line number="58" hits="1"/>
                <line number="60" hits="1"/>
                <line number="61" hits="1"/>
                <line number="62" hits="1"/>
                <line number="63" hits="1"/>
                <line number="64" hits="1"/>
                <line number="65" hits="1"/>
                <line number="66" hits="1"/>
                <line number="67" hits="1"/>
                <line number="68" hits="1"/>
                <line number="69" hits="1"/>
                <line number="70" hits="1"/>
                <line number="72" hits="1"/>
                <line number="73" hits="1"/>
                <line number="75" hits="1"/>
                <line number="77" hits="1"/>
                <line number="78" hits="0"/>
                <line number="80" hits="1"/>
                <line number="81" hits="1"/>
                <line number="85" hits="1"/>
                <line number="86" hits="1"/>
                <line number="89" hits="1"/>
                <line number="90" hits="1"/>
                <line number="91" hits="1"/>
                <line number="92" hits="0"/>
                <line number="93" hits="0"/>
                <line number="96" hits="1"/>
              </lines>
            </method>
          </methods>
          <lines>
            <line number="18" hits="2"/>
            <line number="19" hits="2"/>
            <line number="20" hits="2"/>
            <line number="21" hits="2"/>
            <line number="27" hits="1"/>
            <line number="30" hits="1"/>
            <line number="31" hits="1"/>
            <line number="32" hits="1"/>
            <line number="33" hits="1"/>
            <line number="34" hits="1"/>
            <line number="35" hits="1"/>
            <line number="36" hits="1"/>
            <line number="38" hits="1"/>
            <line number="39" hits="1"/>
            <line number="42" hits="1"/>
            <line number="43" hits="1"/>
            <line number="46" hits="1"/>
            <line number="47" hits="1"/>
            <line number="50" hits="1"/>
            <line number="51" hits="1"/>
            <line number="54" hits="1"/>
            <line number="55" hits="1"/>
            <line number="58" hits="1"/>
            <line number="60" hits="1"/>
            <line number="61" hits="1"/>
            <line number="62" hits="1"/>
            <line number="63" hits="1"/>
            <line number="64" hits="1"/>
            <line number="65" hits="1"/>
            <line number="66" hits="1"/>
            <line number="67" hits="1"/>
            <line number="68" hits="1"/>
            <line number="69" hits="1"/>
            <line number="70" hits="1"/>
            <line number="72" hits="1"/>
            <line number="73" hits="1"/>
            <line number="75" hits="1"/>
            <line number="77" hits="1"/>
            <line number="78" hits="0"/>
            <line number="80" hits="1"/>
            <line number="81" hits="1"/>
            <line number="85" hits="1"/>
            <line number="86" hits="1"/>
            <line number="89" hits="1"/>
            <line number="90" hits="1"/>
            <line number="91" hits="1"/>
            <line number="92" hits="0"/>
            <line number="93" hits="0"/>
            <line number="96" hits="1"/>
          </lines>
        </class>
      </classes>
    </package>
    <package name="Building/Skeletons/BuildController.php" line-rate="0.51724137931034" branch-rate="0" complexity="24">
      <classes>
        <class name="Playground\Make\Controller\Building\Skeletons\BuildController" filename="Building/Skeletons/BuildController.php" line-rate="0.51724137931034" branch-rate="0" complexity="24">
          <methods>
            <method name="prepareOptionsSlugs" signature="array $options" line-rate="0.5" branch-rate="0" complexity="4">
              <lines>
                <line number="21" hits="4"/>
                <line number="22" hits="4"/>
                <line number="23" hits="0"/>
                <line number="24" hits="0"/>
                <line number="25" hits="0"/>
                <line number="26" hits="0"/>
                <line number="29" hits="4"/>
                <line number="30" hits="4"/>
              </lines>
            </method>
            <method name="prepareOptionsExtends" signature="array $options" line-rate="0.42105263157895" branch-rate="0" complexity="5">
              <lines>
                <line number="38" hits="4"/>
                <line number="40" hits="0"/>
                <line number="41" hits="0"/>
                <line number="43" hits="0"/>
                <line number="44" hits="0"/>
                <line number="45" hits="0"/>
                <line number="46" hits="0"/>
                <line number="47" hits="0"/>
                <line number="49" hits="0"/>
                <line number="50" hits="0"/>
                <line number="51" hits="0"/>
                <line number="52" hits="0"/>
                <line number="56" hits="4"/>
                <line number="57" hits="4"/>
                <line number="58" hits="4"/>
                <line number="60" hits="4"/>
                <line number="61" hits="4"/>
                <line number="64" hits="4"/>
                <line number="65" hits="4"/>
              </lines>
            </method>
            <method name="prepareOptionsTypeDefault" signature="array $options" line-rate="0.45454545454545" branch-rate="0" complexity="6">
              <lines>
                <line number="73" hits="2"/>
                <line number="75" hits="2"/>
                <line number="76" hits="0"/>
                <line number="77" hits="0"/>
                <line number="78" hits="0"/>
                <line number="79" hits="0"/>
                <line number="82" hits="2"/>
                <line number="83" hits="0"/>
                <line number="84" hits="2"/>
                <line number="85" hits="0"/>
                <line number="89" hits="2"/>
              </lines>
            </method>
            <method name="prepareOptionsRoute" signature="array $options" line-rate="0.65" branch-rate="0" complexity="9">
              <lines>
                <line number="97" hits="4"/>
                <line number="98" hits="0"/>
                <line number="99" hits="0"/>
                <line number="100" hits="0"/>
                <line number="101" hits="0"/>
                <line number="104" hits="4"/>
                <line number="106" hits="2"/>
                <line number="108" hits="2"/>
                <line number="109" hits="2"/>
                <line number="110" hits="2"/>
                <line number="111" hits="0"/>
                <line number="113" hits="2"/>
                <line number="117" hits="2"/>
                <line number="118" hits="0"/>
                <line number="120" hits="2"/>
                <line number="121" hits="0"/>
                <line number="124" hits="2"/>
                <line number="125" hits="2"/>
                <line number="126" hits="2"/>
                <line number="128" hits="2"/>
              </lines>
            </method>
          </methods>
          <lines>
            <line number="21" hits="4"/>
            <line number="22" hits="4"/>
            <line number="23" hits="0"/>
            <line number="24" hits="0"/>
            <line number="25" hits="0"/>
            <line number="26" hits="0"/>
            <line number="29" hits="4"/>
            <line number="30" hits="4"/>
            <line number="38" hits="4"/>
            <line number="40" hits="0"/>
            <line number="41" hits="0"/>
            <line number="43" hits="0"/>
            <line number="44" hits="0"/>
            <line number="45" hits="0"/>
            <line number="46" hits="0"/>
            <line number="47" hits="0"/>
            <line number="49" hits="0"/>
            <line number="50" hits="0"/>
            <line number="51" hits="0"/>
            <line number="52" hits="0"/>
            <line number="56" hits="4"/>
            <line number="57" hits="4"/>
            <line number="58" hits="4"/>
            <line number="60" hits="4"/>
            <line number="61" hits="4"/>
            <line number="64" hits="4"/>
            <line number="65" hits="4"/>
            <line number="73" hits="2"/>
            <line number="75" hits="2"/>
            <line number="76" hits="0"/>
            <line number="77" hits="0"/>
            <line number="78" hits="0"/>
            <line number="79" hits="0"/>
            <line number="82" hits="2"/>
            <line number="83" hits="0"/>
            <line number="84" hits="2"/>
            <line number="85" hits="0"/>
            <line number="89" hits="2"/>
            <line number="97" hits="4"/>
            <line number="98" hits="0"/>
            <line number="99" hits="0"/>
            <line number="100" hits="0"/>
            <line number="101" hits="0"/>
            <line number="104" hits="4"/>
            <line number="106" hits="2"/>
            <line number="108" hits="2"/>
            <line number="109" hits="2"/>
            <line number="110" hits="2"/>
            <line number="111" hits="0"/>
            <line number="113" hits="2"/>
            <line number="117" hits="2"/>
            <line number="118" hits="0"/>
            <line number="120" hits="2"/>
            <line number="121" hits="0"/>
            <line number="124" hits="2"/>
            <line number="125" hits="2"/>
            <line number="126" hits="2"/>
            <line number="128" hits="2"/>
          </lines>
        </class>
      </classes>
    </package>
    <package name="Building/Skeletons/BuildPackageInfo.php" line-rate="0.82978723404255" branch-rate="0" complexity="73">
      <classes>
        <class name="Playground\Make\Controller\Building\Skeletons\BuildPackageInfo" filename="Building/Skeletons/BuildPackageInfo.php" line-rate="0.82978723404255" branch-rate="0" complexity="73">
          <methods>
            <method name="preparePackageInfo" signature="array $options" line-rate="0.64705882352941" branch-rate="0" complexity="3">
              <lines>
                <line number="42" hits="4"/>
                <line number="44" hits="4"/>
                <line number="45" hits="4"/>
                <line number="46" hits="4"/>
                <line number="47" hits="4"/>
                <line number="48" hits="0"/>
                <line number="49" hits="0"/>
                <line number="50" hits="0"/>
                <line number="51" hits="0"/>
                <line number="52" hits="0"/>
                <line number="54" hits="0"/>
                <line number="57" hits="4"/>
                <line number="59" hits="4"/>
                <line number="61" hits="4"/>
                <line number="62" hits="4"/>
                <line number="63" hits="4"/>
                <line number="65" hits="4"/>
              </lines>
            </method>
            <method name="preparePackageInfo_table" signature="Playground\Make\Controller\Configuration\Controller\PackageInfo $packageInfo" line-rate="1" branch-rate="0" complexity="2">
              <lines>
                <line number="81" hits="4"/>
                <line number="82" hits="4"/>
                <line number="83" hits="2"/>
                <line number="84" hits="2"/>
                <line number="85" hits="2"/>
                <line number="87" hits="4"/>
              </lines>
            </method>
            <method name="preparePackageInfo_privilege" signature="Playground\Make\Controller\Configuration\Controller\PackageInfo $packageInfo, array $options" line-rate="0.75" branch-rate="0" complexity="10">
              <lines>
                <line number="107" hits="4"/>
                <line number="109" hits="4"/>
                <line number="111" hits="0"/>
                <line number="113" hits="0"/>
                <line number="114" hits="0"/>
                <line number="115" hits="0"/>
                <line number="118" hits="4"/>
                <line number="120" hits="2"/>
                <line number="122" hits="2"/>
                <line number="123" hits="2"/>
                <line number="126" hits="2"/>
                <line number="127" hits="2"/>
                <line number="128" hits="0"/>
                <line number="129" hits="0"/>
                <line number="131" hits="0"/>
                <line number="134" hits="2"/>
                <line number="135" hits="2"/>
                <line number="136" hits="2"/>
                <line number="137" hits="2"/>
                <line number="141" hits="4"/>
                <line number="143" hits="4"/>
                <line number="145" hits="2"/>
                <line number="146" hits="2"/>
                <line number="149" hits="2"/>
                <line number="152" hits="4"/>
                <line number="153" hits="4"/>
                <line number="154" hits="4"/>
                <line number="156" hits="4"/>
              </lines>
            </method>
            <method name="preparePackageInfo_view" signature="Playground\Make\Controller\Configuration\Controller\PackageInfo $packageInfo, array $options" line-rate="0.75757575757576" branch-rate="0" complexity="11">
              <lines>
                <line number="179" hits="4"/>
                <line number="180" hits="4"/>
                <line number="181" hits="4"/>
                <line number="182" hits="4"/>
                <line number="183" hits="0"/>
                <line number="186" hits="4"/>
                <line number="188" hits="4"/>
                <line number="190" hits="0"/>
                <line number="192" hits="0"/>
                <line number="193" hits="0"/>
                <line number="194" hits="0"/>
                <line number="197" hits="4"/>
                <line number="199" hits="2"/>
                <line number="201" hits="2"/>
                <line number="202" hits="2"/>
                <line number="205" hits="2"/>
                <line number="206" hits="2"/>
                <line number="207" hits="0"/>
                <line number="208" hits="0"/>
                <line number="210" hits="0"/>
                <line number="213" hits="2"/>
                <line number="214" hits="2"/>
                <line number="215" hits="2"/>
                <line number="216" hits="2"/>
                <line number="220" hits="4"/>
                <line number="222" hits="4"/>
                <line number="224" hits="2"/>
                <line number="225" hits="2"/>
                <line number="228" hits="2"/>
                <line number="231" hits="4"/>
                <line number="232" hits="4"/>
                <line number="233" hits="4"/>
                <line number="235" hits="4"/>
              </lines>
            </method>
            <method name="preparePackageInfo_module" signature="Playground\Make\Controller\Configuration\Controller\PackageInfo $packageInfo, array $options" line-rate="1" branch-rate="0" complexity="1">
              <lines>
                <line number="257" hits="4"/>
                <line number="258" hits="4"/>
                <line number="259" hits="4"/>
                <line number="260" hits="4"/>
              </lines>
            </method>
            <method name="preparePackageInfo_module_label" signature="Playground\Make\Controller\Configuration\Controller\PackageInfo $packageInfo, array $options" line-rate="0.66666666666667" branch-rate="0" complexity="5">
              <lines>
                <line number="270" hits="4"/>
                <line number="271" hits="0"/>
                <line number="272" hits="0"/>
                <line number="273" hits="0"/>
                <line number="276" hits="4"/>
                <line number="277" hits="2"/>
                <line number="278" hits="2"/>
                <line number="279" hits="2"/>
                <line number="282" hits="4"/>
              </lines>
            </method>
            <method name="preparePackageInfo_module_label_plural" signature="Playground\Make\Controller\Configuration\Controller\PackageInfo $packageInfo" line-rate="1" branch-rate="0" complexity="3">
              <lines>
                <line number="288" hits="4"/>
                <line number="289" hits="2"/>
                <line number="290" hits="2"/>
                <line number="291" hits="2"/>
                <line number="294" hits="4"/>
              </lines>
            </method>
            <method name="preparePackageInfo_module_route" signature="Playground\Make\Controller\Configuration\Controller\PackageInfo $packageInfo" line-rate="0.89473684210526" branch-rate="0" complexity="8">
              <lines>
                <line number="300" hits="4"/>
                <line number="302" hits="4"/>
                <line number="304" hits="4"/>
                <line number="305" hits="4"/>
                <line number="306" hits="4"/>
                <line number="307" hits="2"/>
                <line number="309" hits="4"/>
                <line number="313" hits="4"/>
                <line number="314" hits="0"/>
                <line number="316" hits="4"/>
                <line number="317" hits="0"/>
                <line number="320" hits="4"/>
                <line number="321" hits="4"/>
                <line number="322" hits="4"/>
                <line number="341" hits="4"/>
                <line number="344" hits="4"/>
                <line number="345" hits="4"/>
                <line number="346" hits="4"/>
                <line number="347" hits="4"/>
              </lines>
            </method>
            <method name="preparePackageInfo_module_slug" signature="Playground\Make\Controller\Configuration\Controller\PackageInfo $packageInfo" line-rate="0.90909090909091" branch-rate="0" complexity="5">
              <lines>
                <line number="367" hits="4"/>
                <line number="368" hits="4"/>
                <line number="369" hits="4"/>
                <line number="370" hits="2"/>
                <line number="371" hits="2"/>
                <line number="372" hits="0"/>
                <line number="375" hits="4"/>
                <line number="376" hits="2"/>
                <line number="377" hits="2"/>
                <line number="378" hits="2"/>
                <line number="381" hits="4"/>
              </lines>
            </method>
            <method name="preparePackageInfo_model" signature="Playground\Make\Controller\Configuration\Controller\PackageInfo $packageInfo" line-rate="1" branch-rate="0" complexity="1">
              <lines>
                <line number="408" hits="4"/>
                <line number="409" hits="4"/>
                <line number="410" hits="4"/>
                <line number="411" hits="4"/>
                <line number="412" hits="4"/>
                <line number="413" hits="4"/>
              </lines>
            </method>
            <method name="preparePackageInfo_model_label" signature="Playground\Make\Controller\Configuration\Controller\PackageInfo $packageInfo" line-rate="1" branch-rate="0" complexity="3">
              <lines>
                <line number="419" hits="4"/>
                <line number="420" hits="2"/>
                <line number="421" hits="2"/>
                <line number="422" hits="2"/>
                <line number="425" hits="4"/>
              </lines>
            </method>
            <method name="preparePackageInfo_model_attribute" signature="Playground\Make\Controller\Configuration\Controller\PackageInfo $packageInfo" line-rate="1" branch-rate="0" complexity="3">
              <lines>
                <line number="431" hits="4"/>
                <line number="432" hits="2"/>
                <line number="433" hits="2"/>
                <line number="434" hits="2"/>
                <line number="437" hits="4"/>
              </lines>
            </method>
            <method name="preparePackageInfo_model_label_plural" signature="Playground\Make\Controller\Configuration\Controller\PackageInfo $packageInfo" line-rate="1" branch-rate="0" complexity="3">
              <lines>
                <line number="443" hits="4"/>
                <line number="444" hits="2"/>
                <line number="445" hits="2"/>
                <line number="446" hits="2"/>
                <line number="449" hits="4"/>
              </lines>
            </method>
            <method name="preparePackageInfo_model_route" signature="Playground\Make\Controller\Configuration\Controller\PackageInfo $packageInfo" line-rate="0.9" branch-rate="0" complexity="8">
              <lines>
                <line number="455" hits="4"/>
                <line number="456" hits="4"/>
                <line number="458" hits="4"/>
                <line number="460" hits="2"/>
                <line number="461" hits="2"/>
                <line number="462" hits="2"/>
                <line number="463" hits="2"/>
                <line number="465" hits="2"/>
                <line number="469" hits="2"/>
                <line number="470" hits="0"/>
                <line number="472" hits="2"/>
                <line number="473" hits="0"/>
                <line number="476" hits="2"/>
                <line number="478" hits="2"/>
                <line number="479" hits="2"/>
                <line number="480" hits="2"/>
                <line number="481" hits="2"/>
                <line number="482" hits="2"/>
                <line number="483" hits="2"/>
                <line number="485" hits="2"/>
              </lines>
            </method>
            <method name="preparePackageInfo_model_slug" signature="Playground\Make\Controller\Configuration\Controller\PackageInfo $packageInfo" line-rate="0.7" branch-rate="0" complexity="4">
              <lines>
                <line number="508" hits="4"/>
                <line number="509" hits="4"/>
                <line number="510" hits="2"/>
                <line number="511" hits="2"/>
                <line number="512" hits="2"/>
                <line number="514" hits="2"/>
                <line number="515" hits="0"/>
                <line number="516" hits="0"/>
                <line number="517" hits="0"/>
                <line number="521" hits="4"/>
              </lines>
            </method>
            <method name="preparePackageInfo_model_slug_plural" signature="Playground\Make\Controller\Configuration\Controller\PackageInfo $packageInfo" line-rate="1" branch-rate="0" complexity="3">
              <lines>
                <line number="527" hits="4"/>
                <line number="528" hits="2"/>
                <line number="529" hits="2"/>
                <line number="530" hits="2"/>
                <line number="533" hits="4"/>
              </lines>
            </method>
          </methods>
          <lines>
            <line number="42" hits="4"/>
            <line number="44" hits="4"/>
            <line number="45" hits="4"/>
            <line number="46" hits="4"/>
            <line number="47" hits="4"/>
            <line number="48" hits="0"/>
            <line number="49" hits="0"/>
            <line number="50" hits="0"/>
            <line number="51" hits="0"/>
            <line number="52" hits="0"/>
            <line number="54" hits="0"/>
            <line number="57" hits="4"/>
            <line number="59" hits="4"/>
            <line number="61" hits="4"/>
            <line number="62" hits="4"/>
            <line number="63" hits="4"/>
            <line number="65" hits="4"/>
            <line number="81" hits="4"/>
            <line number="82" hits="4"/>
            <line number="83" hits="2"/>
            <line number="84" hits="2"/>
            <line number="85" hits="2"/>
            <line number="87" hits="4"/>
            <line number="107" hits="4"/>
            <line number="109" hits="4"/>
            <line number="111" hits="0"/>
[...]
        <class name="Playground\Make\Controller\Console\Commands\RouteMakeCommand" filename="Console/Commands/RouteMakeCommand.php" line-rate="0.9811320754717" branch-rate="0" complexity="32">
          <methods>
            <method name="prepareOptions" signature="" line-rate="1" branch-rate="0" complexity="17">
              <lines>
                <line number="87" hits="14"/>
                <line number="95" hits="14"/>
                <line number="97" hits="14"/>
                <line number="98" hits="1"/>
                <line number="99" hits="1"/>
                <line number="100" hits="1"/>
                <line number="101" hits="1"/>
                <line number="104" hits="14"/>
                <line number="106" hits="1"/>
                <line number="107" hits="1"/>
                <line number="108" hits="1"/>
                <line number="109" hits="1"/>
                <line number="119" hits="14"/>
                <line number="120" hits="14"/>
                <line number="121" hits="14"/>
                <line number="122" hits="14"/>
                <line number="123" hits="8"/>
                <line number="124" hits="8"/>
                <line number="125" hits="2"/>
                <line number="129" hits="12"/>
                <line number="131" hits="12"/>
                <line number="132" hits="12"/>
                <line number="133" hits="12"/>
                <line number="134" hits="12"/>
                <line number="135" hits="12"/>
                <line number="136" hits="12"/>
                <line number="137" hits="12"/>
                <line number="139" hits="12"/>
                <line number="140" hits="8"/>
                <line number="141" hits="6"/>
                <line number="143" hits="8"/>
                <line number="144" hits="8"/>
                <line number="146" hits="8"/>
                <line number="147" hits="6"/>
                <line number="149" hits="8"/>
                <line number="150" hits="8"/>
                <line number="152" hits="8"/>
                <line number="153" hits="6"/>
                <line number="157" hits="12"/>
                <line number="158" hits="12"/>
                <line number="159" hits="12"/>
                <line number="160" hits="12"/>
                <line number="161" hits="12"/>
                <line number="162" hits="12"/>
                <line number="163" hits="12"/>
                <line number="165" hits="12"/>
                <line number="166" hits="12"/>
                <line number="167" hits="12"/>
                <line number="168" hits="12"/>
                <line number="169" hits="12"/>
                <line number="170" hits="12"/>
                <line number="171" hits="12"/>
                <line number="173" hits="12"/>
                <line number="174" hits="3"/>
                <line number="175" hits="3"/>
                <line number="176" hits="3"/>
                <line number="177" hits="3"/>
                <line number="178" hits="3"/>
                <line number="179" hits="3"/>
                <line number="180" hits="3"/>
                <line number="182" hits="3"/>
                <line number="183" hits="2"/>
                <line number="184" hits="2"/>
                <line number="185" hits="2"/>
                <line number="186" hits="2"/>
                <line number="187" hits="2"/>
                <line number="190" hits="9"/>
                <line number="191" hits="4"/>
                <line number="192" hits="4"/>
                <line number="193" hits="4"/>
                <line number="194" hits="4"/>
                <line number="195" hits="4"/>
                <line number="196" hits="4"/>
                <line number="197" hits="4"/>
                <line number="198" hits="4"/>
                <line number="199" hits="5"/>
                <line number="200" hits="2"/>
                <line number="201" hits="2"/>
                <line number="202" hits="2"/>
                <line number="203" hits="2"/>
                <line number="204" hits="2"/>
                <line number="205" hits="2"/>
                <line number="206" hits="2"/>
                <line number="207" hits="2"/>
                <line number="209" hits="3"/>
                <line number="210" hits="3"/>
                <line number="211" hits="3"/>
                <line number="212" hits="3"/>
              </lines>
            </method>
            <method name="getConfigurationFilename" signature="" line-rate="1" branch-rate="0" complexity="1">
              <lines>
                <line number="235" hits="11"/>
                <line number="236" hits="11"/>
                <line number="237" hits="11"/>
                <line number="238" hits="11"/>
                <line number="239" hits="11"/>
              </lines>
            </method>
            <method name="qualifyClass" signature="$name" line-rate="1" branch-rate="0" complexity="2">
              <lines>
                <line number="250" hits="11"/>
                <line number="252" hits="11"/>
                <line number="253" hits="9"/>
                <line number="254" hits="9"/>
                <line number="255" hits="9"/>
                <line number="256" hits="9"/>
                <line number="272" hits="11"/>
                <line number="273" hits="11"/>
                <line number="274" hits="11"/>
                <line number="276" hits="11"/>
                <line number="277" hits="11"/>
                <line number="288" hits="11"/>
              </lines>
            </method>
            <method name="getStub" signature="" line-rate="0.85714285714286" branch-rate="0" complexity="7">
              <lines>
                <line number="308" hits="11"/>
                <line number="310" hits="11"/>
                <line number="312" hits="11"/>
                <line number="314" hits="11"/>
                <line number="315" hits="3"/>
                <line number="316" hits="8"/>
                <line number="317" hits="2"/>
                <line number="318" hits="0"/>
                <line number="320" hits="2"/>
                <line number="322" hits="6"/>
                <line number="323" hits="4"/>
                <line number="324" hits="0"/>
                <line number="326" hits="4"/>
                <line number="330" hits="11"/>
              </lines>
            </method>
            <method name="getOptions" signature="" line-rate="1" branch-rate="0" complexity="1">
              <lines>
                <line number="341" hits="14"/>
                <line number="342" hits="14"/>
                <line number="343" hits="14"/>
                <line number="344" hits="14"/>
                <line number="345" hits="14"/>
                <line number="346" hits="14"/>
                <line number="347" hits="14"/>
                <line number="348" hits="14"/>
                <line number="349" hits="14"/>
                <line number="350" hits="14"/>
                <line number="351" hits="14"/>
                <line number="352" hits="14"/>
                <line number="355" hits="14"/>
                <line number="356" hits="14"/>
                <line number="357" hits="14"/>
                <line number="359" hits="14"/>
                <line number="361" hits="14"/>
                <line number="367" hits="14"/>
              </lines>
            </method>
            <method name="getPath" signature="$name" line-rate="0.95454545454545" branch-rate="0" complexity="4">
              <lines>
                <line number="377" hits="11"/>
                <line number="379" hits="11"/>
                <line number="380" hits="11"/>
                <line number="381" hits="11"/>
                <line number="382" hits="11"/>
                <line number="383" hits="11"/>
                <line number="384" hits="11"/>
                <line number="385" hits="6"/>
                <line number="386" hits="5"/>
                <line number="387" hits="5"/>
                <line number="388" hits="5"/>
                <line number="389" hits="5"/>
                <line number="390" hits="3"/>
                <line number="391" hits="3"/>
                <line number="392" hits="0"/>
                <line number="395" hits="2"/>
                <line number="398" hits="11"/>
                <line number="399" hits="11"/>
                <line number="400" hits="11"/>
                <line number="401" hits="11"/>
                <line number="402" hits="11"/>
                <line number="404" hits="11"/>
              </lines>
            </method>
          </methods>
          <lines>
            <line number="87" hits="14"/>
            <line number="95" hits="14"/>
            <line number="97" hits="14"/>
            <line number="98" hits="1"/>
            <line number="99" hits="1"/>
            <line number="100" hits="1"/>
            <line number="101" hits="1"/>
            <line number="104" hits="14"/>
            <line number="106" hits="1"/>
            <line number="107" hits="1"/>
            <line number="108" hits="1"/>
            <line number="109" hits="1"/>
            <line number="119" hits="14"/>
            <line number="120" hits="14"/>
            <line number="121" hits="14"/>
            <line number="122" hits="14"/>
            <line number="123" hits="8"/>
            <line number="124" hits="8"/>
            <line number="125" hits="2"/>
            <line number="129" hits="12"/>
            <line number="131" hits="12"/>
            <line number="132" hits="12"/>
            <line number="133" hits="12"/>
            <line number="134" hits="12"/>
            <line number="135" hits="12"/>
            <line number="136" hits="12"/>
            <line number="137" hits="12"/>
            <line number="139" hits="12"/>
            <line number="140" hits="8"/>
            <line number="141" hits="6"/>
            <line number="143" hits="8"/>
            <line number="144" hits="8"/>
            <line number="146" hits="8"/>
            <line number="147" hits="6"/>
            <line number="149" hits="8"/>
            <line number="150" hits="8"/>
            <line number="152" hits="8"/>
            <line number="153" hits="6"/>
            <line number="157" hits="12"/>
            <line number="158" hits="12"/>
            <line number="159" hits="12"/>
            <line number="160" hits="12"/>
            <line number="161" hits="12"/>
            <line number="162" hits="12"/>
            <line number="163" hits="12"/>
            <line number="165" hits="12"/>
            <line number="166" hits="12"/>
            <line number="167" hits="12"/>
            <line number="168" hits="12"/>
            <line number="169" hits="12"/>
            <line number="170" hits="12"/>
            <line number="171" hits="12"/>
            <line number="173" hits="12"/>
            <line number="174" hits="3"/>
            <line number="175" hits="3"/>
            <line number="176" hits="3"/>
            <line number="177" hits="3"/>
            <line number="178" hits="3"/>
            <line number="179" hits="3"/>
            <line number="180" hits="3"/>
            <line number="182" hits="3"/>
            <line number="183" hits="2"/>
            <line number="184" hits="2"/>
            <line number="185" hits="2"/>
            <line number="186" hits="2"/>
            <line number="187" hits="2"/>
            <line number="190" hits="9"/>
            <line number="191" hits="4"/>
            <line number="192" hits="4"/>
            <line number="193" hits="4"/>
            <line number="194" hits="4"/>
            <line number="195" hits="4"/>
            <line number="196" hits="4"/>
            <line number="197" hits="4"/>
            <line number="198" hits="4"/>
            <line number="199" hits="5"/>
            <line number="200" hits="2"/>
            <line number="201" hits="2"/>
            <line number="202" hits="2"/>
            <line number="203" hits="2"/>
            <line number="204" hits="2"/>
            <line number="205" hits="2"/>
            <line number="206" hits="2"/>
            <line number="207" hits="2"/>
            <line number="209" hits="3"/>
            <line number="210" hits="3"/>
            <line number="211" hits="3"/>
            <line number="212" hits="3"/>
            <line number="235" hits="11"/>
            <line number="236" hits="11"/>
            <line number="237" hits="11"/>
            <line number="238" hits="11"/>
            <line number="239" hits="11"/>
            <line number="250" hits="11"/>
            <line number="252" hits="11"/>
            <line number="253" hits="9"/>
            <line number="254" hits="9"/>
            <line number="255" hits="9"/>
            <line number="256" hits="9"/>
            <line number="272" hits="11"/>
            <line number="273" hits="11"/>
            <line number="274" hits="11"/>
            <line number="276" hits="11"/>
            <line number="277" hits="11"/>
            <line number="288" hits="11"/>
            <line number="308" hits="11"/>
            <line number="310" hits="11"/>
            <line number="312" hits="11"/>
            <line number="314" hits="11"/>
            <line number="315" hits="3"/>
            <line number="316" hits="8"/>
            <line number="317" hits="2"/>
            <line number="318" hits="0"/>
            <line number="320" hits="2"/>
            <line number="322" hits="6"/>
            <line number="323" hits="4"/>
            <line number="324" hits="0"/>
            <line number="326" hits="4"/>
            <line number="330" hits="11"/>
            <line number="341" hits="14"/>
            <line number="342" hits="14"/>
            <line number="343" hits="14"/>
            <line number="344" hits="14"/>
            <line number="345" hits="14"/>
            <line number="346" hits="14"/>
            <line number="347" hits="14"/>
            <line number="348" hits="14"/>
            <line number="349" hits="14"/>
            <line number="350" hits="14"/>
            <line number="351" hits="14"/>
            <line number="352" hits="14"/>
            <line number="355" hits="14"/>
            <line number="356" hits="14"/>
            <line number="357" hits="14"/>
            <line number="359" hits="14"/>
            <line number="361" hits="14"/>
            <line number="367" hits="14"/>
            <line number="377" hits="11"/>
            <line number="379" hits="11"/>
            <line number="380" hits="11"/>
            <line number="381" hits="11"/>
            <line number="382" hits="11"/>
            <line number="383" hits="11"/>
            <line number="384" hits="11"/>
            <line number="385" hits="6"/>
            <line number="386" hits="5"/>
            <line number="387" hits="5"/>
            <line number="388" hits="5"/>
            <line number="389" hits="5"/>
            <line number="390" hits="3"/>
            <line number="391" hits="3"/>
            <line number="392" hits="0"/>
            <line number="395" hits="2"/>
            <line number="398" hits="11"/>
            <line number="399" hits="11"/>
            <line number="400" hits="11"/>
            <line number="401" hits="11"/>
            <line number="402" hits="11"/>
            <line number="404" hits="11"/>
          </lines>
        </class>
      </classes>
    </package>
    <package name="ServiceProvider.php" line-rate="1" branch-rate="0" complexity="16">
      <classes>
        <class name="Playground\Make\Controller\ServiceProvider" filename="ServiceProvider.php" line-rate="1" branch-rate="0" complexity="16">
          <methods>
            <method name="boot" signature="" line-rate="1" branch-rate="0" complexity="7">
              <lines>
                <line number="33" hits="1"/>
                <line number="35" hits="1"/>
                <line number="37" hits="1"/>
                <line number="38" hits="1"/>
                <line number="41" hits="1"/>
                <line number="42" hits="1"/>
                <line number="43" hits="1"/>
                <line number="44" hits="1"/>
                <line number="45" hits="1"/>
                <line number="48" hits="1"/>
                <line number="50" hits="1"/>
                <line number="51" hits="1"/>
                <line number="52" hits="1"/>
                <line number="56" hits="1"/>
                <line number="57" hits="1"/>
              </lines>
            </method>
            <method name="boot_commands" signature="" line-rate="1" branch-rate="0" complexity="1">
              <lines>
                <line number="66" hits="1"/>
                <line number="68" hits="1"/>
                <line number="69" hits="1"/>
                <line number="70" hits="1"/>
                <line number="71" hits="1"/>
                <line number="72" hits="1"/>
                <line number="74" hits="1"/>
                <line number="76" hits="1"/>
              </lines>
            </method>
            <method name="register" signature="" line-rate="1" branch-rate="0" complexity="1">
              <lines>
                <line number="84" hits="1"/>
                <line number="85" hits="1"/>
                <line number="86" hits="1"/>
                <line number="87" hits="1"/>
              </lines>
            </method>
            <method name="about" signature="" line-rate="1" branch-rate="0" complexity="6">
              <lines>
                <line number="92" hits="1"/>
                <line number="93" hits="1"/>
                <line number="95" hits="1"/>
                <line number="97" hits="1"/>
                <line number="99" hits="1"/>
                <line number="100" hits="1"/>
                <line number="101" hits="1"/>
                <line number="102" hits="1"/>
                <line number="103" hits="1"/>
                <line number="104" hits="1"/>
              </lines>
            </method>
            <method name="version" signature="" line-rate="1" branch-rate="0" complexity="1">
              <lines>
                <line number="109" hits="1"/>
              </lines>
            </method>
          </methods>
          <lines>
            <line number="33" hits="1"/>
            <line number="35" hits="1"/>
            <line number="37" hits="1"/>
            <line number="38" hits="1"/>
            <line number="41" hits="1"/>
            <line number="42" hits="1"/>
            <line number="43" hits="1"/>
            <line number="44" hits="1"/>
            <line number="45" hits="1"/>
            <line number="48" hits="1"/>
            <line number="50" hits="1"/>
            <line number="51" hits="1"/>
            <line number="52" hits="1"/>
            <line number="56" hits="1"/>
            <line number="57" hits="1"/>
            <line number="66" hits="1"/>
            <line number="68" hits="1"/>
            <line number="69" hits="1"/>
            <line number="70" hits="1"/>
            <line number="71" hits="1"/>
            <line number="72" hits="1"/>
            <line number="74" hits="1"/>
            <line number="76" hits="1"/>
            <line number="84" hits="1"/>
            <line number="85" hits="1"/>
            <line number="86" hits="1"/>
            <line number="87" hits="1"/>
            <line number="92" hits="1"/>
            <line number="93" hits="1"/>
            <line number="95" hits="1"/>
            <line number="97" hits="1"/>
            <line number="99" hits="1"/>
            <line number="100" hits="1"/>
            <line number="101" hits="1"/>
            <line number="102" hits="1"/>
            <line number="103" hits="1"/>
            <line number="104" hits="1"/>
            <line number="109" hits="1"/>
          </lines>
        </class>
      </classes>
    </package>
  </packages>
</coverage>
